[3.608s] DEBUG:colcon:Command line arguments: ['/usr/bin/colcon', 'build']
[3.608s] DEBUG:colcon:Parsed command line arguments: Namespace(allow_overriding=[], ament_cmake_args=None, base_paths=['.'], build_base='build', catkin_cmake_args=None, catkin_skip_building_tests=False, cmake_args=None, cmake_clean_cache=False, cmake_clean_first=False, cmake_force_configure=False, cmake_target=None, cmake_target_skip_unavailable=False, continue_on_error=False, event_handlers=None, executor='parallel', ignore_user_meta=False, install_base='install', log_base=None, log_level=None, main=<bound method BuildVerb.main of <colcon_core.verb.build.BuildVerb object at 0x7f6f9e18aeb0>>, merge_install=False, metas=['./colcon.meta'], packages_above=None, packages_above_and_dependencies=None, packages_above_depth=None, packages_end=None, packages_ignore=None, packages_ignore_regex=None, packages_select=None, packages_select_build_failed=False, packages_select_by_dep=None, packages_select_regex=None, packages_select_test_failures=False, packages_skip=None, packages_skip_build_finished=False, packages_skip_by_dep=None, packages_skip_regex=None, packages_skip_test_passed=False, packages_skip_up_to=None, packages_start=None, packages_up_to=None, packages_up_to_regex=None, parallel_workers=8, paths=None, symlink_install=False, test_result_base=None, verb_extension=<colcon_core.verb.build.BuildVerb object at 0x7f6f9e18aeb0>, verb_name='build', verb_parser=<colcon_defaults.argument_parser.defaults.DefaultArgumentsDecorator object at 0x7f6f9dd91640>)
[3.982s] Level 1:colcon.colcon_core.package_discovery:discover_packages(colcon_meta) check parameters
[3.982s] Level 1:colcon.colcon_core.package_discovery:discover_packages(recursive) check parameters
[3.982s] Level 1:colcon.colcon_core.package_discovery:discover_packages(ignore) check parameters
[3.982s] Level 1:colcon.colcon_core.package_discovery:discover_packages(path) check parameters
[3.982s] Level 1:colcon.colcon_core.package_discovery:discover_packages(colcon_meta) discover
[3.982s] Level 1:colcon.colcon_core.package_discovery:discover_packages(recursive) discover
[3.982s] INFO:colcon.colcon_core.package_discovery:Crawling recursively for packages in '/home/akito/ros2_ws'
[3.982s] Level 1:colcon.colcon_core.package_identification:_identify(.) by extensions ['ignore', 'ignore_ament_install']
[3.982s] Level 1:colcon.colcon_core.package_identification:_identify(.) by extension 'ignore'
[3.982s] Level 1:colcon.colcon_core.package_identification:_identify(.) by extension 'ignore_ament_install'
[3.982s] Level 1:colcon.colcon_core.package_identification:_identify(.) by extensions ['colcon_pkg']
[3.982s] Level 1:colcon.colcon_core.package_identification:_identify(.) by extension 'colcon_pkg'
[3.982s] Level 1:colcon.colcon_core.package_identification:_identify(.) by extensions ['colcon_meta']
[3.982s] Level 1:colcon.colcon_core.package_identification:_identify(.) by extension 'colcon_meta'
[3.982s] Level 1:colcon.colcon_core.package_identification:_identify(.) by extensions ['ros']
[3.982s] Level 1:colcon.colcon_core.package_identification:_identify(.) by extension 'ros'
[4.007s] Level 1:colcon.colcon_core.package_identification:_identify(.) by extensions ['cmake', 'python']
[4.007s] Level 1:colcon.colcon_core.package_identification:_identify(.) by extension 'cmake'
[4.008s] Level 1:colcon.colcon_core.package_identification:_identify(.) by extension 'python'
[4.008s] Level 1:colcon.colcon_core.package_identification:_identify(.) by extensions ['python_setup_py']
[4.008s] Level 1:colcon.colcon_core.package_identification:_identify(.) by extension 'python_setup_py'
[4.008s] Level 1:colcon.colcon_core.package_identification:_identify(build) by extensions ['ignore', 'ignore_ament_install']
[4.008s] Level 1:colcon.colcon_core.package_identification:_identify(build) by extension 'ignore'
[4.008s] Level 1:colcon.colcon_core.package_identification:_identify(build) ignored
[4.008s] Level 1:colcon.colcon_core.package_identification:_identify(install) by extensions ['ignore', 'ignore_ament_install']
[4.008s] Level 1:colcon.colcon_core.package_identification:_identify(install) by extension 'ignore'
[4.008s] Level 1:colcon.colcon_core.package_identification:_identify(install) ignored
[4.009s] Level 1:colcon.colcon_core.package_identification:_identify(log) by extensions ['ignore', 'ignore_ament_install']
[4.009s] Level 1:colcon.colcon_core.package_identification:_identify(log) by extension 'ignore'
[4.009s] Level 1:colcon.colcon_core.package_identification:_identify(log) ignored
[4.009s] Level 1:colcon.colcon_core.package_identification:_identify(src) by extensions ['ignore', 'ignore_ament_install']
[4.010s] Level 1:colcon.colcon_core.package_identification:_identify(src) by extension 'ignore'
[4.010s] Level 1:colcon.colcon_core.package_identification:_identify(src) by extension 'ignore_ament_install'
[4.010s] Level 1:colcon.colcon_core.package_identification:_identify(src) by extensions ['colcon_pkg']
[4.010s] Level 1:colcon.colcon_core.package_identification:_identify(src) by extension 'colcon_pkg'
[4.010s] Level 1:colcon.colcon_core.package_identification:_identify(src) by extensions ['colcon_meta']
[4.010s] Level 1:colcon.colcon_core.package_identification:_identify(src) by extension 'colcon_meta'
[4.011s] Level 1:colcon.colcon_core.package_identification:_identify(src) by extensions ['ros']
[4.011s] Level 1:colcon.colcon_core.package_identification:_identify(src) by extension 'ros'
[4.011s] Level 1:colcon.colcon_core.package_identification:_identify(src) by extensions ['cmake', 'python']
[4.011s] Level 1:colcon.colcon_core.package_identification:_identify(src) by extension 'cmake'
[4.011s] Level 1:colcon.colcon_core.package_identification:_identify(src) by extension 'python'
[4.012s] Level 1:colcon.colcon_core.package_identification:_identify(src) by extensions ['python_setup_py']
[4.012s] Level 1:colcon.colcon_core.package_identification:_identify(src) by extension 'python_setup_py'
[4.012s] Level 1:colcon.colcon_core.package_identification:_identify(src/mypkg) by extensions ['ignore', 'ignore_ament_install']
[4.012s] Level 1:colcon.colcon_core.package_identification:_identify(src/mypkg) by extension 'ignore'
[4.013s] Level 1:colcon.colcon_core.package_identification:_identify(src/mypkg) by extension 'ignore_ament_install'
[4.013s] Level 1:colcon.colcon_core.package_identification:_identify(src/mypkg) by extensions ['colcon_pkg']
[4.013s] Level 1:colcon.colcon_core.package_identification:_identify(src/mypkg) by extension 'colcon_pkg'
[4.013s] Level 1:colcon.colcon_core.package_identification:_identify(src/mypkg) by extensions ['colcon_meta']
[4.013s] Level 1:colcon.colcon_core.package_identification:_identify(src/mypkg) by extension 'colcon_meta'
[4.013s] Level 1:colcon.colcon_core.package_identification:_identify(src/mypkg) by extensions ['ros']
[4.013s] Level 1:colcon.colcon_core.package_identification:_identify(src/mypkg) by extension 'ros'
[4.025s] DEBUG:colcon.colcon_core.package_identification:Package 'src/mypkg' with type 'ros.ament_python' and name 'mypkg'
[4.026s] Level 1:colcon.colcon_core.package_discovery:discover_packages(recursive) using defaults
[4.026s] Level 1:colcon.colcon_core.package_discovery:discover_packages(ignore) discover
[4.026s] Level 1:colcon.colcon_core.package_discovery:discover_packages(ignore) using defaults
[4.026s] Level 1:colcon.colcon_core.package_discovery:discover_packages(path) discover
[4.026s] Level 1:colcon.colcon_core.package_discovery:discover_packages(path) using defaults
[4.444s] Level 1:colcon.colcon_core.package_discovery:discover_packages(prefix_path) check parameters
[4.445s] Level 1:colcon.colcon_core.package_discovery:discover_packages(prefix_path) discover
[4.544s] DEBUG:colcon.colcon_installed_package_information.package_discovery:Found 1 installed packages in /home/akito/ros2_ws/install
[4.594s] DEBUG:colcon.colcon_installed_package_information.package_discovery:Found 256 installed packages in /opt/ros/foxy
[4.596s] Level 1:colcon.colcon_core.package_discovery:discover_packages(prefix_path) using defaults
[4.849s] Level 5:colcon.colcon_core.verb:set package 'mypkg' build argument 'cmake_args' from command line to 'None'
[4.849s] Level 5:colcon.colcon_core.verb:set package 'mypkg' build argument 'cmake_target' from command line to 'None'
[4.849s] Level 5:colcon.colcon_core.verb:set package 'mypkg' build argument 'cmake_target_skip_unavailable' from command line to 'False'
[4.849s] Level 5:colcon.colcon_core.verb:set package 'mypkg' build argument 'cmake_clean_cache' from command line to 'False'
[4.849s] Level 5:colcon.colcon_core.verb:set package 'mypkg' build argument 'cmake_clean_first' from command line to 'False'
[4.849s] Level 5:colcon.colcon_core.verb:set package 'mypkg' build argument 'cmake_force_configure' from command line to 'False'
[4.849s] Level 5:colcon.colcon_core.verb:set package 'mypkg' build argument 'ament_cmake_args' from command line to 'None'
[4.849s] Level 5:colcon.colcon_core.verb:set package 'mypkg' build argument 'catkin_cmake_args' from command line to 'None'
[4.849s] Level 5:colcon.colcon_core.verb:set package 'mypkg' build argument 'catkin_skip_building_tests' from command line to 'False'
[4.849s] DEBUG:colcon.colcon_core.verb:Building package 'mypkg' with the following arguments: {'ament_cmake_args': None, 'build_base': '/home/akito/ros2_ws/build/mypkg', 'catkin_cmake_args': None, 'catkin_skip_building_tests': False, 'cmake_args': None, 'cmake_clean_cache': False, 'cmake_clean_first': False, 'cmake_force_configure': False, 'cmake_target': None, 'cmake_target_skip_unavailable': False, 'install_base': '/home/akito/ros2_ws/install/mypkg', 'merge_install': False, 'path': '/home/akito/ros2_ws/src/mypkg', 'symlink_install': False, 'test_result_base': None}
[4.886s] INFO:colcon.colcon_core.executor:Executing jobs using 'parallel' executor
[4.925s] DEBUG:colcon.colcon_parallel_executor.executor.parallel:run_until_complete
[4.925s] INFO:colcon.colcon_ros.task.ament_python.build:Building ROS package in '/home/akito/ros2_ws/src/mypkg' with build type 'ament_python'
[4.925s] Level 1:colcon.colcon_core.shell:create_environment_hook('mypkg', 'ament_prefix_path')
[5.017s] INFO:colcon.colcon_core.plugin_system:Skipping extension 'colcon_core.shell.bat': Not used on non-Windows systems
[5.017s] INFO:colcon.colcon_core.shell:Creating environment hook '/home/akito/ros2_ws/install/mypkg/share/mypkg/hook/ament_prefix_path.ps1'
[5.020s] INFO:colcon.colcon_core.shell:Creating environment descriptor '/home/akito/ros2_ws/install/mypkg/share/mypkg/hook/ament_prefix_path.dsv'
[5.021s] INFO:colcon.colcon_core.shell:Creating environment hook '/home/akito/ros2_ws/install/mypkg/share/mypkg/hook/ament_prefix_path.sh'
[5.117s] INFO:colcon.colcon_core.shell:Skip shell extension 'powershell' for command environment: Not usable outside of PowerShell
[5.117s] DEBUG:colcon.colcon_core.shell:Skip shell extension 'dsv' for command environment
[5.709s] INFO:colcon.colcon_core.task.python.build:Building Python package in '/home/akito/ros2_ws/src/mypkg'
[5.779s] INFO:colcon.colcon_core.shell:Skip shell extension 'powershell' for command environment: Not usable outside of PowerShell
[5.779s] DEBUG:colcon.colcon_core.shell:Skip shell extension 'dsv' for command environment
[6.949s] DEBUG:colcon.colcon_core.event_handler.log_command:Invoking command in '/home/akito/ros2_ws/src/mypkg': PYTHONPATH=/home/akito/ros2_ws/build/mypkg/prefix_override:/home/akito/ros2_ws/install/mypkg/lib/python3.8/site-packages:${PYTHONPATH} /usr/bin/python3 setup.py egg_info --egg-base ../../build/mypkg build --build-base /home/akito/ros2_ws/build/mypkg/build install --record /home/akito/ros2_ws/build/mypkg/install.log --install-scripts $base/lib/mypkg --single-version-externally-managed
[7.396s] DEBUG:colcon.colcon_core.event_handler.log_command:Invoked command in '/home/akito/ros2_ws/src/mypkg' returned '0': PYTHONPATH=/home/akito/ros2_ws/build/mypkg/prefix_override:/home/akito/ros2_ws/install/mypkg/lib/python3.8/site-packages:${PYTHONPATH} /usr/bin/python3 setup.py egg_info --egg-base ../../build/mypkg build --build-base /home/akito/ros2_ws/build/mypkg/build install --record /home/akito/ros2_ws/build/mypkg/install.log --install-scripts $base/lib/mypkg --single-version-externally-managed
[7.454s] Level 1:colcon.colcon_core.environment:checking '/home/akito/ros2_ws/install/mypkg' for CMake module files
[7.455s] Level 1:colcon.colcon_core.environment:checking '/home/akito/ros2_ws/install/mypkg' for CMake config files
[7.456s] Level 1:colcon.colcon_core.environment:checking '/home/akito/ros2_ws/install/mypkg/lib'
[7.456s] Level 1:colcon.colcon_core.environment:checking '/home/akito/ros2_ws/install/mypkg/bin'
[7.456s] Level 1:colcon.colcon_core.environment:checking '/home/akito/ros2_ws/install/mypkg/lib/pkgconfig/mypkg.pc'
[7.457s] Level 1:colcon.colcon_core.environment:checking '/home/akito/ros2_ws/install/mypkg/lib/python3.8/site-packages'
[7.457s] Level 1:colcon.colcon_core.shell:create_environment_hook('mypkg', 'pythonpath')
[7.501s] INFO:colcon.colcon_core.shell:Creating environment hook '/home/akito/ros2_ws/install/mypkg/share/mypkg/hook/pythonpath.ps1'
[7.502s] INFO:colcon.colcon_core.shell:Creating environment descriptor '/home/akito/ros2_ws/install/mypkg/share/mypkg/hook/pythonpath.dsv'
[7.503s] INFO:colcon.colcon_core.shell:Creating environment hook '/home/akito/ros2_ws/install/mypkg/share/mypkg/hook/pythonpath.sh'
[7.503s] Level 1:colcon.colcon_core.environment:checking '/home/akito/ros2_ws/install/mypkg/bin'
[7.503s] Level 1:colcon.colcon_core.environment:create_environment_scripts_only(mypkg)
[7.542s] INFO:colcon.colcon_core.shell:Creating package script '/home/akito/ros2_ws/install/mypkg/share/mypkg/package.ps1'
[7.544s] INFO:colcon.colcon_core.shell:Creating package descriptor '/home/akito/ros2_ws/install/mypkg/share/mypkg/package.dsv'
[7.545s] INFO:colcon.colcon_core.shell:Creating package script '/home/akito/ros2_ws/install/mypkg/share/mypkg/package.sh'
[7.546s] INFO:colcon.colcon_core.shell:Creating package script '/home/akito/ros2_ws/install/mypkg/share/mypkg/package.bash'
[7.548s] INFO:colcon.colcon_core.shell:Creating package script '/home/akito/ros2_ws/install/mypkg/share/mypkg/package.zsh'
[7.550s] Level 1:colcon.colcon_core.environment:create_file_with_runtime_dependencies(/home/akito/ros2_ws/install/mypkg/share/colcon-core/packages/mypkg)
[7.551s] DEBUG:colcon.colcon_parallel_executor.executor.parallel:closing loop
[7.551s] DEBUG:colcon.colcon_parallel_executor.executor.parallel:loop closed
[7.552s] DEBUG:colcon.colcon_parallel_executor.executor.parallel:run_until_complete finished with '0'
[7.552s] DEBUG:colcon.colcon_core.event_reactor:joining thread
[7.657s] INFO:colcon.colcon_core.plugin_system:Skipping extension 'colcon_notification.desktop_notification.notify_send': Could not find 'notify-send'
[7.657s] INFO:colcon.colcon_core.plugin_system:Skipping extension 'colcon_notification.desktop_notification.terminal_notifier': Not used on non-Darwin systems
[7.657s] INFO:colcon.colcon_core.plugin_system:Skipping extension 'colcon_notification.desktop_notification.win32': Not used on non-Windows systems
[7.657s] INFO:colcon.colcon_notification.desktop_notification:Sending desktop notification using 'notify2'
[9.183s] DEBUG:colcon.colcon_notification.desktop_notification.notify2:Failed to initialize notify2: org.freedesktop.DBus.Error.ServiceUnknown: The name org.freedesktop.Notifications was not provided by any .service files
[9.184s] DEBUG:colcon.colcon_core.event_reactor:joined thread
[9.254s] INFO:colcon.colcon_core.shell:Creating prefix script '/home/akito/ros2_ws/install/local_setup.ps1'
[9.256s] INFO:colcon.colcon_core.shell:Creating prefix util module '/home/akito/ros2_ws/install/_local_setup_util_ps1.py'
[9.258s] INFO:colcon.colcon_core.shell:Creating prefix chain script '/home/akito/ros2_ws/install/setup.ps1'
[9.305s] INFO:colcon.colcon_core.shell:Creating prefix script '/home/akito/ros2_ws/install/local_setup.sh'
[9.306s] INFO:colcon.colcon_core.shell:Creating prefix util module '/home/akito/ros2_ws/install/_local_setup_util_sh.py'
[9.307s] INFO:colcon.colcon_core.shell:Creating prefix chain script '/home/akito/ros2_ws/install/setup.sh'
[9.342s] INFO:colcon.colcon_core.shell:Creating prefix script '/home/akito/ros2_ws/install/local_setup.bash'
[9.343s] INFO:colcon.colcon_core.shell:Creating prefix chain script '/home/akito/ros2_ws/install/setup.bash'
[9.381s] INFO:colcon.colcon_core.shell:Creating prefix script '/home/akito/ros2_ws/install/local_setup.zsh'
[9.382s] INFO:colcon.colcon_core.shell:Creating prefix chain script '/home/akito/ros2_ws/install/setup.zsh'
