[0.847s] Invoking command in '/home/akito/ros2_ws/src/mypkg': PYTHONPATH=/home/akito/ros2_ws/build/mypkg/prefix_override:/home/akito/ros2_ws/install/mypkg/lib/python3.8/site-packages:${PYTHONPATH} /usr/bin/python3 setup.py egg_info --egg-base ../../build/mypkg build --build-base /home/akito/ros2_ws/build/mypkg/build install --record /home/akito/ros2_ws/build/mypkg/install.log --install-scripts $base/lib/mypkg --single-version-externally-managed
[1.020s] running egg_info
[1.021s] writing ../../build/mypkg/mypkg.egg-info/PKG-INFO
[1.021s] writing dependency_links to ../../build/mypkg/mypkg.egg-info/dependency_links.txt
[1.021s] writing entry points to ../../build/mypkg/mypkg.egg-info/entry_points.txt
[1.022s] writing requirements to ../../build/mypkg/mypkg.egg-info/requires.txt
[1.022s] writing top-level names to ../../build/mypkg/mypkg.egg-info/top_level.txt
[1.055s] reading manifest file '../../build/mypkg/mypkg.egg-info/SOURCES.txt'
[1.056s] writing manifest file '../../build/mypkg/mypkg.egg-info/SOURCES.txt'
[1.056s] running build
[1.056s] running build_py
[1.056s] copying mypkg/talker.py -> /home/akito/ros2_ws/build/mypkg/build/lib/mypkg
[1.056s] running install
[1.057s] running install_lib
[1.058s] copying /home/akito/ros2_ws/build/mypkg/build/lib/mypkg/talker.py -> /home/akito/ros2_ws/install/mypkg/lib/python3.8/site-packages/mypkg
[1.058s] byte-compiling /home/akito/ros2_ws/install/mypkg/lib/python3.8/site-packages/mypkg/talker.py to talker.cpython-38.pyc
[1.060s]   File "/home/akito/ros2_ws/install/mypkg/lib/python3.8/site-packages/mypkg/talker.py", line 1
[1.060s]     1 import rclpy                     #ROS2のクライアントのためのライブラリ
[1.060s]       ^
[1.060s] SyntaxError: invalid syntax
[1.060s] 
[1.060s] running install_data
[1.060s] copying package.xml -> /home/akito/ros2_ws/install/mypkg/share/mypkg
[1.061s] running install_egg_info
[1.061s] removing '/home/akito/ros2_ws/install/mypkg/lib/python3.8/site-packages/mypkg-0.0.0-py3.8.egg-info' (and everything under it)
[1.062s] Copying ../../build/mypkg/mypkg.egg-info to /home/akito/ros2_ws/install/mypkg/lib/python3.8/site-packages/mypkg-0.0.0-py3.8.egg-info
[1.063s] running install_scripts
[1.078s] Installing talker script to /home/akito/ros2_ws/install/mypkg/lib/mypkg
[1.078s] writing list of installed files to '/home/akito/ros2_ws/build/mypkg/install.log'
[1.095s] Invoked command in '/home/akito/ros2_ws/src/mypkg' returned '0': PYTHONPATH=/home/akito/ros2_ws/build/mypkg/prefix_override:/home/akito/ros2_ws/install/mypkg/lib/python3.8/site-packages:${PYTHONPATH} /usr/bin/python3 setup.py egg_info --egg-base ../../build/mypkg build --build-base /home/akito/ros2_ws/build/mypkg/build install --record /home/akito/ros2_ws/build/mypkg/install.log --install-scripts $base/lib/mypkg --single-version-externally-managed
