[1.106s] Invoking command in '/home/akito/ros2_ws/src/mypkg': PYTHONPATH=/home/akito/ros2_ws/build/mypkg/prefix_override:/home/akito/ros2_ws/install/mypkg/lib/python3.8/site-packages:${PYTHONPATH} /usr/bin/python3 setup.py egg_info --egg-base ../../build/mypkg build --build-base /home/akito/ros2_ws/build/mypkg/build install --record /home/akito/ros2_ws/build/mypkg/install.log --install-scripts $base/lib/mypkg --single-version-externally-managed
[1.364s] running egg_info
[1.366s] writing ../../build/mypkg/mypkg.egg-info/PKG-INFO
[1.367s] writing dependency_links to ../../build/mypkg/mypkg.egg-info/dependency_links.txt
[1.367s] writing entry points to ../../build/mypkg/mypkg.egg-info/entry_points.txt
[1.367s] writing requirements to ../../build/mypkg/mypkg.egg-info/requires.txt
[1.368s] writing top-level names to ../../build/mypkg/mypkg.egg-info/top_level.txt
[1.443s] reading manifest file '../../build/mypkg/mypkg.egg-info/SOURCES.txt'
[1.446s] writing manifest file '../../build/mypkg/mypkg.egg-info/SOURCES.txt'
[1.446s] running build
[1.447s] running build_py
[1.447s] running install
[1.449s] running install_lib
[1.452s] running install_data
[1.453s] running install_egg_info
[1.456s] removing '/home/akito/ros2_ws/install/mypkg/lib/python3.8/site-packages/mypkg-0.0.0-py3.8.egg-info' (and everything under it)
[1.456s] Copying ../../build/mypkg/mypkg.egg-info to /home/akito/ros2_ws/install/mypkg/lib/python3.8/site-packages/mypkg-0.0.0-py3.8.egg-info
[1.457s] running install_scripts
[1.478s] Installing listener script to /home/akito/ros2_ws/install/mypkg/lib/mypkg
[1.478s] Installing talker script to /home/akito/ros2_ws/install/mypkg/lib/mypkg
[1.478s] writing list of installed files to '/home/akito/ros2_ws/build/mypkg/install.log'
[1.501s] Invoked command in '/home/akito/ros2_ws/src/mypkg' returned '0': PYTHONPATH=/home/akito/ros2_ws/build/mypkg/prefix_override:/home/akito/ros2_ws/install/mypkg/lib/python3.8/site-packages:${PYTHONPATH} /usr/bin/python3 setup.py egg_info --egg-base ../../build/mypkg build --build-base /home/akito/ros2_ws/build/mypkg/build install --record /home/akito/ros2_ws/build/mypkg/install.log --install-scripts $base/lib/mypkg --single-version-externally-managed
