[1.145s] Invoking command in '/home/akito/ros2_ws/src/mypkg': PYTHONPATH=/home/akito/ros2_ws/build/mypkg/prefix_override:/home/akito/ros2_ws/install/mypkg/lib/python3.8/site-packages:${PYTHONPATH} /usr/bin/python3 setup.py egg_info --egg-base ../../build/mypkg build --build-base /home/akito/ros2_ws/build/mypkg/build install --record /home/akito/ros2_ws/build/mypkg/install.log --install-scripts $base/lib/mypkg --single-version-externally-managed
[1.412s] running egg_info
[1.413s] writing ../../build/mypkg/mypkg.egg-info/PKG-INFO
[1.414s] writing dependency_links to ../../build/mypkg/mypkg.egg-info/dependency_links.txt
[1.414s] writing entry points to ../../build/mypkg/mypkg.egg-info/entry_points.txt
[1.414s] writing requirements to ../../build/mypkg/mypkg.egg-info/requires.txt
[1.414s] writing top-level names to ../../build/mypkg/mypkg.egg-info/top_level.txt
[1.454s] reading manifest file '../../build/mypkg/mypkg.egg-info/SOURCES.txt'
[1.455s] writing manifest file '../../build/mypkg/mypkg.egg-info/SOURCES.txt'
[1.456s] running build
[1.456s] running build_py
[1.456s] copying mypkg/talker.py -> /home/akito/ros2_ws/build/mypkg/build/lib/mypkg
[1.456s] running install
[1.457s] running install_lib
[1.458s] copying /home/akito/ros2_ws/build/mypkg/build/lib/mypkg/talker.py -> /home/akito/ros2_ws/install/mypkg/lib/python3.8/site-packages/mypkg
[1.459s] byte-compiling /home/akito/ros2_ws/install/mypkg/lib/python3.8/site-packages/mypkg/talker.py to talker.cpython-38.pyc
[1.460s]   File "/home/akito/ros2_ws/install/mypkg/lib/python3.8/site-packages/mypkg/talker.py", line 1
[1.461s]     1 import rclpy                     #ROS2のクライアントのためのライブラリ
[1.461s]       ^
[1.461s] SyntaxError: invalid syntax
[1.461s] 
[1.462s] running install_data
[1.462s] running install_egg_info
[1.463s] removing '/home/akito/ros2_ws/install/mypkg/lib/python3.8/site-packages/mypkg-0.0.0-py3.8.egg-info' (and everything under it)
[1.464s] Copying ../../build/mypkg/mypkg.egg-info to /home/akito/ros2_ws/install/mypkg/lib/python3.8/site-packages/mypkg-0.0.0-py3.8.egg-info
[1.465s] running install_scripts
[1.486s] Installing talker script to /home/akito/ros2_ws/install/mypkg/lib/mypkg
[1.487s] writing list of installed files to '/home/akito/ros2_ws/build/mypkg/install.log'
[1.508s] Invoked command in '/home/akito/ros2_ws/src/mypkg' returned '0': PYTHONPATH=/home/akito/ros2_ws/build/mypkg/prefix_override:/home/akito/ros2_ws/install/mypkg/lib/python3.8/site-packages:${PYTHONPATH} /usr/bin/python3 setup.py egg_info --egg-base ../../build/mypkg build --build-base /home/akito/ros2_ws/build/mypkg/build install --record /home/akito/ros2_ws/build/mypkg/install.log --install-scripts $base/lib/mypkg --single-version-externally-managed
