[1.891s] DEBUG:colcon:Command line arguments: ['/usr/bin/colcon', 'build']
[1.891s] DEBUG:colcon:Parsed command line arguments: Namespace(allow_overriding=[], ament_cmake_args=None, base_paths=['.'], build_base='build', catkin_cmake_args=None, catkin_skip_building_tests=False, cmake_args=None, cmake_clean_cache=False, cmake_clean_first=False, cmake_force_configure=False, cmake_target=None, cmake_target_skip_unavailable=False, continue_on_error=False, event_handlers=None, executor='parallel', ignore_user_meta=False, install_base='install', log_base=None, log_level=None, main=<bound method BuildVerb.main of <colcon_core.verb.build.BuildVerb object at 0x7f4ca5c7beb0>>, merge_install=False, metas=['./colcon.meta'], packages_above=None, packages_above_and_dependencies=None, packages_above_depth=None, packages_end=None, packages_ignore=None, packages_ignore_regex=None, packages_select=None, packages_select_build_failed=False, packages_select_by_dep=None, packages_select_regex=None, packages_select_test_failures=False, packages_skip=None, packages_skip_build_finished=False, packages_skip_by_dep=None, packages_skip_regex=None, packages_skip_test_passed=False, packages_skip_up_to=None, packages_start=None, packages_up_to=None, packages_up_to_regex=None, parallel_workers=8, paths=None, symlink_install=False, test_result_base=None, verb_extension=<colcon_core.verb.build.BuildVerb object at 0x7f4ca5c7beb0>, verb_name='build', verb_parser=<colcon_defaults.argument_parser.defaults.DefaultArgumentsDecorator object at 0x7f4ca5883760>)
[1.978s] Level 1:colcon.colcon_core.package_discovery:discover_packages(colcon_meta) check parameters
[1.978s] Level 1:colcon.colcon_core.package_discovery:discover_packages(recursive) check parameters
[1.978s] Level 1:colcon.colcon_core.package_discovery:discover_packages(ignore) check parameters
[1.978s] Level 1:colcon.colcon_core.package_discovery:discover_packages(path) check parameters
[1.978s] Level 1:colcon.colcon_core.package_discovery:discover_packages(colcon_meta) discover
[1.978s] Level 1:colcon.colcon_core.package_discovery:discover_packages(recursive) discover
[1.978s] INFO:colcon.colcon_core.package_discovery:Crawling recursively for packages in '/home/akito/ros2_ws'
[1.978s] Level 1:colcon.colcon_core.package_identification:_identify(.) by extensions ['ignore', 'ignore_ament_install']
[1.978s] Level 1:colcon.colcon_core.package_identification:_identify(.) by extension 'ignore'
[1.978s] Level 1:colcon.colcon_core.package_identification:_identify(.) by extension 'ignore_ament_install'
[1.978s] Level 1:colcon.colcon_core.package_identification:_identify(.) by extensions ['colcon_pkg']
[1.978s] Level 1:colcon.colcon_core.package_identification:_identify(.) by extension 'colcon_pkg'
[1.978s] Level 1:colcon.colcon_core.package_identification:_identify(.) by extensions ['colcon_meta']
[1.978s] Level 1:colcon.colcon_core.package_identification:_identify(.) by extension 'colcon_meta'
[1.978s] Level 1:colcon.colcon_core.package_identification:_identify(.) by extensions ['ros']
[1.978s] Level 1:colcon.colcon_core.package_identification:_identify(.) by extension 'ros'
[1.989s] Level 1:colcon.colcon_core.package_identification:_identify(.) by extensions ['cmake', 'python']
[1.990s] Level 1:colcon.colcon_core.package_identification:_identify(.) by extension 'cmake'
[1.990s] Level 1:colcon.colcon_core.package_identification:_identify(.) by extension 'python'
[1.990s] Level 1:colcon.colcon_core.package_identification:_identify(.) by extensions ['python_setup_py']
[1.990s] Level 1:colcon.colcon_core.package_identification:_identify(.) by extension 'python_setup_py'
[1.990s] Level 1:colcon.colcon_core.package_identification:_identify(build) by extensions ['ignore', 'ignore_ament_install']
[1.990s] Level 1:colcon.colcon_core.package_identification:_identify(build) by extension 'ignore'
[1.990s] Level 1:colcon.colcon_core.package_identification:_identify(build) ignored
[1.990s] Level 1:colcon.colcon_core.package_identification:_identify(install) by extensions ['ignore', 'ignore_ament_install']
[1.990s] Level 1:colcon.colcon_core.package_identification:_identify(install) by extension 'ignore'
[1.990s] Level 1:colcon.colcon_core.package_identification:_identify(install) ignored
[1.990s] Level 1:colcon.colcon_core.package_identification:_identify(log) by extensions ['ignore', 'ignore_ament_install']
[1.990s] Level 1:colcon.colcon_core.package_identification:_identify(log) by extension 'ignore'
[1.991s] Level 1:colcon.colcon_core.package_identification:_identify(log) ignored
[1.991s] Level 1:colcon.colcon_core.package_identification:_identify(src) by extensions ['ignore', 'ignore_ament_install']
[1.991s] Level 1:colcon.colcon_core.package_identification:_identify(src) by extension 'ignore'
[1.991s] Level 1:colcon.colcon_core.package_identification:_identify(src) by extension 'ignore_ament_install'
[1.991s] Level 1:colcon.colcon_core.package_identification:_identify(src) by extensions ['colcon_pkg']
[1.991s] Level 1:colcon.colcon_core.package_identification:_identify(src) by extension 'colcon_pkg'
[1.991s] Level 1:colcon.colcon_core.package_identification:_identify(src) by extensions ['colcon_meta']
[1.991s] Level 1:colcon.colcon_core.package_identification:_identify(src) by extension 'colcon_meta'
[1.991s] Level 1:colcon.colcon_core.package_identification:_identify(src) by extensions ['ros']
[1.991s] Level 1:colcon.colcon_core.package_identification:_identify(src) by extension 'ros'
[1.991s] Level 1:colcon.colcon_core.package_identification:_identify(src) by extensions ['cmake', 'python']
[1.991s] Level 1:colcon.colcon_core.package_identification:_identify(src) by extension 'cmake'
[1.991s] Level 1:colcon.colcon_core.package_identification:_identify(src) by extension 'python'
[1.991s] Level 1:colcon.colcon_core.package_identification:_identify(src) by extensions ['python_setup_py']
[1.991s] Level 1:colcon.colcon_core.package_identification:_identify(src) by extension 'python_setup_py'
[1.991s] Level 1:colcon.colcon_core.package_identification:_identify(src/mypkg) by extensions ['ignore', 'ignore_ament_install']
[1.991s] Level 1:colcon.colcon_core.package_identification:_identify(src/mypkg) by extension 'ignore'
[1.991s] Level 1:colcon.colcon_core.package_identification:_identify(src/mypkg) by extension 'ignore_ament_install'
[1.992s] Level 1:colcon.colcon_core.package_identification:_identify(src/mypkg) by extensions ['colcon_pkg']
[1.992s] Level 1:colcon.colcon_core.package_identification:_identify(src/mypkg) by extension 'colcon_pkg'
[1.992s] Level 1:colcon.colcon_core.package_identification:_identify(src/mypkg) by extensions ['colcon_meta']
[1.992s] Level 1:colcon.colcon_core.package_identification:_identify(src/mypkg) by extension 'colcon_meta'
[1.992s] Level 1:colcon.colcon_core.package_identification:_identify(src/mypkg) by extensions ['ros']
[1.992s] Level 1:colcon.colcon_core.package_identification:_identify(src/mypkg) by extension 'ros'
[1.994s] DEBUG:colcon.colcon_core.package_identification:Package 'src/mypkg' with type 'ros.ament_python' and name 'mypkg'
[1.994s] Level 1:colcon.colcon_core.package_identification:_identify(src/person_msgs) by extensions ['ignore', 'ignore_ament_install']
[1.994s] Level 1:colcon.colcon_core.package_identification:_identify(src/person_msgs) by extension 'ignore'
[1.995s] Level 1:colcon.colcon_core.package_identification:_identify(src/person_msgs) by extension 'ignore_ament_install'
[1.995s] Level 1:colcon.colcon_core.package_identification:_identify(src/person_msgs) by extensions ['colcon_pkg']
[1.995s] Level 1:colcon.colcon_core.package_identification:_identify(src/person_msgs) by extension 'colcon_pkg'
[1.995s] Level 1:colcon.colcon_core.package_identification:_identify(src/person_msgs) by extensions ['colcon_meta']
[1.995s] Level 1:colcon.colcon_core.package_identification:_identify(src/person_msgs) by extension 'colcon_meta'
[1.995s] Level 1:colcon.colcon_core.package_identification:_identify(src/person_msgs) by extensions ['ros']
[1.995s] Level 1:colcon.colcon_core.package_identification:_identify(src/person_msgs) by extension 'ros'
[1.995s] DEBUG:colcon.colcon_core.package_identification:Package 'src/person_msgs' with type 'ros.ament_cmake' and name 'person_msgs'
[1.995s] Level 1:colcon.colcon_core.package_discovery:discover_packages(recursive) using defaults
[1.995s] Level 1:colcon.colcon_core.package_discovery:discover_packages(ignore) discover
[1.995s] Level 1:colcon.colcon_core.package_discovery:discover_packages(ignore) using defaults
[1.995s] Level 1:colcon.colcon_core.package_discovery:discover_packages(path) discover
[1.996s] Level 1:colcon.colcon_core.package_discovery:discover_packages(path) using defaults
[2.168s] Level 1:colcon.colcon_core.package_discovery:discover_packages(prefix_path) check parameters
[2.168s] Level 1:colcon.colcon_core.package_discovery:discover_packages(prefix_path) discover
[2.229s] DEBUG:colcon.colcon_installed_package_information.package_discovery:Found 2 installed packages in /home/akito/ros2_ws/install
[2.260s] DEBUG:colcon.colcon_installed_package_information.package_discovery:Found 256 installed packages in /opt/ros/foxy
[2.262s] Level 1:colcon.colcon_core.package_discovery:discover_packages(prefix_path) using defaults
[2.401s] Level 5:colcon.colcon_core.verb:set package 'mypkg' build argument 'cmake_args' from command line to 'None'
[2.401s] Level 5:colcon.colcon_core.verb:set package 'mypkg' build argument 'cmake_target' from command line to 'None'
[2.401s] Level 5:colcon.colcon_core.verb:set package 'mypkg' build argument 'cmake_target_skip_unavailable' from command line to 'False'
[2.401s] Level 5:colcon.colcon_core.verb:set package 'mypkg' build argument 'cmake_clean_cache' from command line to 'False'
[2.401s] Level 5:colcon.colcon_core.verb:set package 'mypkg' build argument 'cmake_clean_first' from command line to 'False'
[2.401s] Level 5:colcon.colcon_core.verb:set package 'mypkg' build argument 'cmake_force_configure' from command line to 'False'
[2.401s] Level 5:colcon.colcon_core.verb:set package 'mypkg' build argument 'ament_cmake_args' from command line to 'None'
[2.401s] Level 5:colcon.colcon_core.verb:set package 'mypkg' build argument 'catkin_cmake_args' from command line to 'None'
[2.401s] Level 5:colcon.colcon_core.verb:set package 'mypkg' build argument 'catkin_skip_building_tests' from command line to 'False'
[2.401s] DEBUG:colcon.colcon_core.verb:Building package 'mypkg' with the following arguments: {'ament_cmake_args': None, 'build_base': '/home/akito/ros2_ws/build/mypkg', 'catkin_cmake_args': None, 'catkin_skip_building_tests': False, 'cmake_args': None, 'cmake_clean_cache': False, 'cmake_clean_first': False, 'cmake_force_configure': False, 'cmake_target': None, 'cmake_target_skip_unavailable': False, 'install_base': '/home/akito/ros2_ws/install/mypkg', 'merge_install': False, 'path': '/home/akito/ros2_ws/src/mypkg', 'symlink_install': False, 'test_result_base': None}
[2.431s] Level 5:colcon.colcon_core.verb:set package 'person_msgs' build argument 'cmake_args' from command line to 'None'
[2.431s] Level 5:colcon.colcon_core.verb:set package 'person_msgs' build argument 'cmake_target' from command line to 'None'
[2.431s] Level 5:colcon.colcon_core.verb:set package 'person_msgs' build argument 'cmake_target_skip_unavailable' from command line to 'False'
[2.432s] Level 5:colcon.colcon_core.verb:set package 'person_msgs' build argument 'cmake_clean_cache' from command line to 'False'
[2.432s] Level 5:colcon.colcon_core.verb:set package 'person_msgs' build argument 'cmake_clean_first' from command line to 'False'
[2.432s] Level 5:colcon.colcon_core.verb:set package 'person_msgs' build argument 'cmake_force_configure' from command line to 'False'
[2.432s] Level 5:colcon.colcon_core.verb:set package 'person_msgs' build argument 'ament_cmake_args' from command line to 'None'
[2.432s] Level 5:colcon.colcon_core.verb:set package 'person_msgs' build argument 'catkin_cmake_args' from command line to 'None'
[2.432s] Level 5:colcon.colcon_core.verb:set package 'person_msgs' build argument 'catkin_skip_building_tests' from command line to 'False'
[2.432s] DEBUG:colcon.colcon_core.verb:Building package 'person_msgs' with the following arguments: {'ament_cmake_args': None, 'build_base': '/home/akito/ros2_ws/build/person_msgs', 'catkin_cmake_args': None, 'catkin_skip_building_tests': False, 'cmake_args': None, 'cmake_clean_cache': False, 'cmake_clean_first': False, 'cmake_force_configure': False, 'cmake_target': None, 'cmake_target_skip_unavailable': False, 'install_base': '/home/akito/ros2_ws/install/person_msgs', 'merge_install': False, 'path': '/home/akito/ros2_ws/src/person_msgs', 'symlink_install': False, 'test_result_base': None}
[2.462s] INFO:colcon.colcon_core.executor:Executing jobs using 'parallel' executor
[2.493s] DEBUG:colcon.colcon_parallel_executor.executor.parallel:run_until_complete
[2.493s] INFO:colcon.colcon_ros.task.ament_python.build:Building ROS package in '/home/akito/ros2_ws/src/mypkg' with build type 'ament_python'
[2.494s] Level 1:colcon.colcon_core.shell:create_environment_hook('mypkg', 'ament_prefix_path')
[2.530s] INFO:colcon.colcon_core.plugin_system:Skipping extension 'colcon_core.shell.bat': Not used on non-Windows systems
[2.531s] INFO:colcon.colcon_core.shell:Creating environment hook '/home/akito/ros2_ws/install/mypkg/share/mypkg/hook/ament_prefix_path.ps1'
[2.531s] INFO:colcon.colcon_core.shell:Creating environment descriptor '/home/akito/ros2_ws/install/mypkg/share/mypkg/hook/ament_prefix_path.dsv'
[2.532s] INFO:colcon.colcon_core.shell:Creating environment hook '/home/akito/ros2_ws/install/mypkg/share/mypkg/hook/ament_prefix_path.sh'
[2.573s] INFO:colcon.colcon_core.shell:Skip shell extension 'powershell' for command environment: Not usable outside of PowerShell
[2.573s] DEBUG:colcon.colcon_core.shell:Skip shell extension 'dsv' for command environment
[2.675s] INFO:colcon.colcon_ros.task.ament_cmake.build:Building ROS package in '/home/akito/ros2_ws/src/person_msgs' with build type 'ament_cmake'
[2.675s] INFO:colcon.colcon_cmake.task.cmake.build:Building CMake package in '/home/akito/ros2_ws/src/person_msgs'
[2.712s] INFO:colcon.colcon_core.shell:Skip shell extension 'powershell' for command environment: Not usable outside of PowerShell
[2.712s] DEBUG:colcon.colcon_core.shell:Skip shell extension 'dsv' for command environment
[3.027s] INFO:colcon.colcon_core.task.python.build:Building Python package in '/home/akito/ros2_ws/src/mypkg'
[3.062s] INFO:colcon.colcon_core.shell:Skip shell extension 'powershell' for command environment: Not usable outside of PowerShell
[3.062s] DEBUG:colcon.colcon_core.shell:Skip shell extension 'dsv' for command environment
[3.177s] DEBUG:colcon.colcon_core.event_handler.log_command:Invoking command in '/home/akito/ros2_ws/build/person_msgs': CMAKE_PREFIX_PATH=/home/akito/ros2_ws/install/mypkg:/opt/ros/foxy /usr/bin/cmake /home/akito/ros2_ws/src/person_msgs -DCMAKE_INSTALL_PREFIX=/home/akito/ros2_ws/install/person_msgs
[3.628s] DEBUG:colcon.colcon_core.event_handler.log_command:Invoking command in '/home/akito/ros2_ws/src/mypkg': PYTHONPATH=/home/akito/ros2_ws/build/mypkg/prefix_override:/home/akito/ros2_ws/install/mypkg/lib/python3.8/site-packages:${PYTHONPATH} /usr/bin/python3 setup.py egg_info --egg-base ../../build/mypkg build --build-base /home/akito/ros2_ws/build/mypkg/build install --record /home/akito/ros2_ws/build/mypkg/install.log --install-scripts $base/lib/mypkg --single-version-externally-managed
[3.982s] DEBUG:colcon.colcon_core.event_handler.log_command:Invoked command in '/home/akito/ros2_ws/src/mypkg' returned '0': PYTHONPATH=/home/akito/ros2_ws/build/mypkg/prefix_override:/home/akito/ros2_ws/install/mypkg/lib/python3.8/site-packages:${PYTHONPATH} /usr/bin/python3 setup.py egg_info --egg-base ../../build/mypkg build --build-base /home/akito/ros2_ws/build/mypkg/build install --record /home/akito/ros2_ws/build/mypkg/install.log --install-scripts $base/lib/mypkg --single-version-externally-managed
[4.030s] Level 1:colcon.colcon_core.environment:checking '/home/akito/ros2_ws/install/mypkg' for CMake module files
[4.031s] Level 1:colcon.colcon_core.environment:checking '/home/akito/ros2_ws/install/mypkg' for CMake config files
[4.031s] Level 1:colcon.colcon_core.environment:checking '/home/akito/ros2_ws/install/mypkg/lib'
[4.032s] Level 1:colcon.colcon_core.environment:checking '/home/akito/ros2_ws/install/mypkg/bin'
[4.032s] Level 1:colcon.colcon_core.environment:checking '/home/akito/ros2_ws/install/mypkg/lib/pkgconfig/mypkg.pc'
[4.032s] Level 1:colcon.colcon_core.environment:checking '/home/akito/ros2_ws/install/mypkg/lib/python3.8/site-packages'
[4.032s] Level 1:colcon.colcon_core.shell:create_environment_hook('mypkg', 'pythonpath')
[4.079s] INFO:colcon.colcon_core.shell:Creating environment hook '/home/akito/ros2_ws/install/mypkg/share/mypkg/hook/pythonpath.ps1'
[4.079s] INFO:colcon.colcon_core.shell:Creating environment descriptor '/home/akito/ros2_ws/install/mypkg/share/mypkg/hook/pythonpath.dsv'
[4.080s] INFO:colcon.colcon_core.shell:Creating environment hook '/home/akito/ros2_ws/install/mypkg/share/mypkg/hook/pythonpath.sh'
[4.081s] Level 1:colcon.colcon_core.environment:checking '/home/akito/ros2_ws/install/mypkg/bin'
[4.081s] Level 1:colcon.colcon_core.environment:create_environment_scripts_only(mypkg)
[4.124s] INFO:colcon.colcon_core.shell:Creating package script '/home/akito/ros2_ws/install/mypkg/share/mypkg/package.ps1'
[4.126s] INFO:colcon.colcon_core.shell:Creating package descriptor '/home/akito/ros2_ws/install/mypkg/share/mypkg/package.dsv'
[4.127s] INFO:colcon.colcon_core.shell:Creating package script '/home/akito/ros2_ws/install/mypkg/share/mypkg/package.sh'
[4.128s] INFO:colcon.colcon_core.shell:Creating package script '/home/akito/ros2_ws/install/mypkg/share/mypkg/package.bash'
[4.129s] INFO:colcon.colcon_core.shell:Creating package script '/home/akito/ros2_ws/install/mypkg/share/mypkg/package.zsh'
[4.130s] Level 1:colcon.colcon_core.environment:create_file_with_runtime_dependencies(/home/akito/ros2_ws/install/mypkg/share/colcon-core/packages/mypkg)
[5.245s] DEBUG:colcon.colcon_core.event_handler.log_command:Invoked command in '/home/akito/ros2_ws/build/person_msgs' returned '1': CMAKE_PREFIX_PATH=/home/akito/ros2_ws/install/mypkg:/opt/ros/foxy /usr/bin/cmake /home/akito/ros2_ws/src/person_msgs -DCMAKE_INSTALL_PREFIX=/home/akito/ros2_ws/install/person_msgs
[5.259s] Level 1:colcon.colcon_core.environment:create_environment_scripts_only(person_msgs)
[5.292s] Level 1:colcon.colcon_core.environment:checking '/home/akito/ros2_ws/install/person_msgs' for CMake module files
[5.292s] Level 1:colcon.colcon_core.environment:checking '/home/akito/ros2_ws/install/person_msgs' for CMake config files
[5.292s] Level 1:colcon.colcon_core.environment:checking '/home/akito/ros2_ws/install/person_msgs/bin'
[5.293s] Level 1:colcon.colcon_core.environment:checking '/home/akito/ros2_ws/install/person_msgs/lib/pkgconfig/person_msgs.pc'
[5.293s] Level 1:colcon.colcon_core.environment:checking '/home/akito/ros2_ws/install/person_msgs/lib/python3.8/site-packages'
[5.293s] Level 1:colcon.colcon_core.environment:checking '/home/akito/ros2_ws/install/person_msgs/bin'
[5.324s] INFO:colcon.colcon_core.shell:Creating package script '/home/akito/ros2_ws/install/person_msgs/share/person_msgs/package.ps1'
[5.325s] INFO:colcon.colcon_core.shell:Creating package descriptor '/home/akito/ros2_ws/install/person_msgs/share/person_msgs/package.dsv'
[5.325s] INFO:colcon.colcon_core.shell:Creating package script '/home/akito/ros2_ws/install/person_msgs/share/person_msgs/package.sh'
[5.325s] INFO:colcon.colcon_core.shell:Creating package script '/home/akito/ros2_ws/install/person_msgs/share/person_msgs/package.bash'
[5.325s] INFO:colcon.colcon_core.shell:Creating package script '/home/akito/ros2_ws/install/person_msgs/share/person_msgs/package.zsh'
[5.326s] Level 1:colcon.colcon_core.environment:create_file_with_runtime_dependencies(/home/akito/ros2_ws/install/person_msgs/share/colcon-core/packages/person_msgs)
[5.337s] DEBUG:colcon.colcon_parallel_executor.executor.parallel:closing loop
[5.337s] DEBUG:colcon.colcon_parallel_executor.executor.parallel:loop closed
[5.337s] DEBUG:colcon.colcon_parallel_executor.executor.parallel:run_until_complete finished with '1'
[5.337s] DEBUG:colcon.colcon_core.event_reactor:joining thread
[5.391s] INFO:colcon.colcon_core.plugin_system:Skipping extension 'colcon_notification.desktop_notification.notify_send': Could not find 'notify-send'
[5.391s] INFO:colcon.colcon_core.plugin_system:Skipping extension 'colcon_notification.desktop_notification.terminal_notifier': Not used on non-Darwin systems
[5.391s] INFO:colcon.colcon_core.plugin_system:Skipping extension 'colcon_notification.desktop_notification.win32': Not used on non-Windows systems
[5.391s] INFO:colcon.colcon_notification.desktop_notification:Sending desktop notification using 'notify2'
[5.395s] DEBUG:colcon.colcon_notification.desktop_notification.notify2:Failed to initialize notify2: org.freedesktop.DBus.Error.ServiceUnknown: The name org.freedesktop.Notifications was not provided by any .service files
[5.396s] DEBUG:colcon.colcon_core.event_reactor:joined thread
[5.429s] INFO:colcon.colcon_core.shell:Creating prefix script '/home/akito/ros2_ws/install/local_setup.ps1'
[5.430s] INFO:colcon.colcon_core.shell:Creating prefix util module '/home/akito/ros2_ws/install/_local_setup_util_ps1.py'
[5.431s] INFO:colcon.colcon_core.shell:Creating prefix chain script '/home/akito/ros2_ws/install/setup.ps1'
[5.464s] INFO:colcon.colcon_core.shell:Creating prefix script '/home/akito/ros2_ws/install/local_setup.sh'
[5.465s] INFO:colcon.colcon_core.shell:Creating prefix util module '/home/akito/ros2_ws/install/_local_setup_util_sh.py'
[5.466s] INFO:colcon.colcon_core.shell:Creating prefix chain script '/home/akito/ros2_ws/install/setup.sh'
[5.499s] INFO:colcon.colcon_core.shell:Creating prefix script '/home/akito/ros2_ws/install/local_setup.bash'
[5.499s] INFO:colcon.colcon_core.shell:Creating prefix chain script '/home/akito/ros2_ws/install/setup.bash'
[5.531s] INFO:colcon.colcon_core.shell:Creating prefix script '/home/akito/ros2_ws/install/local_setup.zsh'
[5.532s] INFO:colcon.colcon_core.shell:Creating prefix chain script '/home/akito/ros2_ws/install/setup.zsh'
