[1.003s] Invoking command in '/home/akito/ros2_ws/src/mypkg': PYTHONPATH=/home/akito/ros2_ws/build/mypkg/prefix_override:/home/akito/ros2_ws/install/mypkg/lib/python3.8/site-packages:${PYTHONPATH} /usr/bin/python3 setup.py egg_info --egg-base ../../build/mypkg build --build-base /home/akito/ros2_ws/build/mypkg/build install --record /home/akito/ros2_ws/build/mypkg/install.log --install-scripts $base/lib/mypkg --single-version-externally-managed
[1.240s] running egg_info
[1.240s] writing ../../build/mypkg/mypkg.egg-info/PKG-INFO
[1.241s] writing dependency_links to ../../build/mypkg/mypkg.egg-info/dependency_links.txt
[1.241s] writing entry points to ../../build/mypkg/mypkg.egg-info/entry_points.txt
[1.241s] writing requirements to ../../build/mypkg/mypkg.egg-info/requires.txt
[1.241s] writing top-level names to ../../build/mypkg/mypkg.egg-info/top_level.txt
[1.274s] reading manifest file '../../build/mypkg/mypkg.egg-info/SOURCES.txt'
[1.275s] writing manifest file '../../build/mypkg/mypkg.egg-info/SOURCES.txt'
[1.275s] running build
[1.275s] running build_py
[1.275s] copying mypkg/listener.py -> /home/akito/ros2_ws/build/mypkg/build/lib/mypkg
[1.276s] running install
[1.276s] running install_lib
[1.277s] copying /home/akito/ros2_ws/build/mypkg/build/lib/mypkg/listener.py -> /home/akito/ros2_ws/install/mypkg/lib/python3.8/site-packages/mypkg
[1.278s] byte-compiling /home/akito/ros2_ws/install/mypkg/lib/python3.8/site-packages/mypkg/listener.py to listener.cpython-38.pyc
[1.279s] Sorry: IndentationError: unindent does not match any outer indentation level (listener.py, line 9)
[1.279s] running install_data
[1.280s] running install_egg_info
[1.281s] removing '/home/akito/ros2_ws/install/mypkg/lib/python3.8/site-packages/mypkg-0.0.0-py3.8.egg-info' (and everything under it)
[1.282s] Copying ../../build/mypkg/mypkg.egg-info to /home/akito/ros2_ws/install/mypkg/lib/python3.8/site-packages/mypkg-0.0.0-py3.8.egg-info
[1.282s] running install_scripts
[1.299s] Installing listener script to /home/akito/ros2_ws/install/mypkg/lib/mypkg
[1.300s] Installing talker script to /home/akito/ros2_ws/install/mypkg/lib/mypkg
[1.300s] writing list of installed files to '/home/akito/ros2_ws/build/mypkg/install.log'
[1.319s] Invoked command in '/home/akito/ros2_ws/src/mypkg' returned '0': PYTHONPATH=/home/akito/ros2_ws/build/mypkg/prefix_override:/home/akito/ros2_ws/install/mypkg/lib/python3.8/site-packages:${PYTHONPATH} /usr/bin/python3 setup.py egg_info --egg-base ../../build/mypkg build --build-base /home/akito/ros2_ws/build/mypkg/build install --record /home/akito/ros2_ws/build/mypkg/install.log --install-scripts $base/lib/mypkg --single-version-externally-managed
