[1.008s] Invoking command in '/home/akito/ros2_ws/src/mypkg': PYTHONPATH=/home/akito/ros2_ws/build/mypkg/prefix_override:/home/akito/ros2_ws/install/mypkg/lib/python3.8/site-packages:${PYTHONPATH} /usr/bin/python3 setup.py egg_info --egg-base ../../build/mypkg build --build-base /home/akito/ros2_ws/build/mypkg/build install --record /home/akito/ros2_ws/build/mypkg/install.log --install-scripts $base/lib/mypkg --single-version-externally-managed
[1.254s] running egg_info
[1.255s] writing ../../build/mypkg/mypkg.egg-info/PKG-INFO
[1.255s] writing dependency_links to ../../build/mypkg/mypkg.egg-info/dependency_links.txt
[1.256s] writing entry points to ../../build/mypkg/mypkg.egg-info/entry_points.txt
[1.256s] writing requirements to ../../build/mypkg/mypkg.egg-info/requires.txt
[1.256s] writing top-level names to ../../build/mypkg/mypkg.egg-info/top_level.txt
[1.290s] reading manifest file '../../build/mypkg/mypkg.egg-info/SOURCES.txt'
[1.291s] writing manifest file '../../build/mypkg/mypkg.egg-info/SOURCES.txt'
[1.291s] running build
[1.291s] running build_py
[1.291s] copying mypkg/listener.py -> /home/akito/ros2_ws/build/mypkg/build/lib/mypkg
[1.291s] running install
[1.292s] running install_lib
[1.294s] copying /home/akito/ros2_ws/build/mypkg/build/lib/mypkg/listener.py -> /home/akito/ros2_ws/install/mypkg/lib/python3.8/site-packages/mypkg
[1.294s] byte-compiling /home/akito/ros2_ws/install/mypkg/lib/python3.8/site-packages/mypkg/listener.py to listener.cpython-38.pyc
[1.296s] running install_data
[1.296s] running install_egg_info
[1.298s] removing '/home/akito/ros2_ws/install/mypkg/lib/python3.8/site-packages/mypkg-0.0.0-py3.8.egg-info' (and everything under it)
[1.298s] Copying ../../build/mypkg/mypkg.egg-info to /home/akito/ros2_ws/install/mypkg/lib/python3.8/site-packages/mypkg-0.0.0-py3.8.egg-info
[1.299s] running install_scripts
[1.315s] Installing listener script to /home/akito/ros2_ws/install/mypkg/lib/mypkg
[1.315s] Installing talker script to /home/akito/ros2_ws/install/mypkg/lib/mypkg
[1.316s] writing list of installed files to '/home/akito/ros2_ws/build/mypkg/install.log'
[1.334s] Invoked command in '/home/akito/ros2_ws/src/mypkg' returned '0': PYTHONPATH=/home/akito/ros2_ws/build/mypkg/prefix_override:/home/akito/ros2_ws/install/mypkg/lib/python3.8/site-packages:${PYTHONPATH} /usr/bin/python3 setup.py egg_info --egg-base ../../build/mypkg build --build-base /home/akito/ros2_ws/build/mypkg/build install --record /home/akito/ros2_ws/build/mypkg/install.log --install-scripts $base/lib/mypkg --single-version-externally-managed
