[0.852s] Invoking command in '/home/akito/ros2_ws/src/mypkg': PYTHONPATH=/home/akito/ros2_ws/build/mypkg/prefix_override:/home/akito/ros2_ws/install/mypkg/lib/python3.8/site-packages:${PYTHONPATH} /usr/bin/python3 setup.py egg_info --egg-base ../../build/mypkg build --build-base /home/akito/ros2_ws/build/mypkg/build install --record /home/akito/ros2_ws/build/mypkg/install.log --install-scripts $base/lib/mypkg --single-version-externally-managed
[1.028s] running egg_info
[1.028s] creating ../../build/mypkg/mypkg.egg-info
[1.029s] writing ../../build/mypkg/mypkg.egg-info/PKG-INFO
[1.029s] writing dependency_links to ../../build/mypkg/mypkg.egg-info/dependency_links.txt
[1.029s] writing entry points to ../../build/mypkg/mypkg.egg-info/entry_points.txt
[1.029s] writing requirements to ../../build/mypkg/mypkg.egg-info/requires.txt
[1.029s] writing top-level names to ../../build/mypkg/mypkg.egg-info/top_level.txt
[1.030s] writing manifest file '../../build/mypkg/mypkg.egg-info/SOURCES.txt'
[1.061s] reading manifest file '../../build/mypkg/mypkg.egg-info/SOURCES.txt'
[1.062s] writing manifest file '../../build/mypkg/mypkg.egg-info/SOURCES.txt'
[1.062s] running build
[1.062s] running build_py
[1.063s] creating /home/akito/ros2_ws/build/mypkg/build
[1.063s] creating /home/akito/ros2_ws/build/mypkg/build/lib
[1.063s] creating /home/akito/ros2_ws/build/mypkg/build/lib/mypkg
[1.063s] copying mypkg/__init__.py -> /home/akito/ros2_ws/build/mypkg/build/lib/mypkg
[1.063s] running install
[1.064s] running install_lib
[1.065s] creating /home/akito/ros2_ws/install/mypkg/lib/python3.8/site-packages/mypkg
[1.065s] copying /home/akito/ros2_ws/build/mypkg/build/lib/mypkg/__init__.py -> /home/akito/ros2_ws/install/mypkg/lib/python3.8/site-packages/mypkg
[1.065s] byte-compiling /home/akito/ros2_ws/install/mypkg/lib/python3.8/site-packages/mypkg/__init__.py to __init__.cpython-38.pyc
[1.067s] running install_data
[1.067s] creating /home/akito/ros2_ws/install/mypkg/share/ament_index
[1.067s] creating /home/akito/ros2_ws/install/mypkg/share/ament_index/resource_index
[1.068s] creating /home/akito/ros2_ws/install/mypkg/share/ament_index/resource_index/packages
[1.068s] copying resource/mypkg -> /home/akito/ros2_ws/install/mypkg/share/ament_index/resource_index/packages
[1.068s] copying package.xml -> /home/akito/ros2_ws/install/mypkg/share/mypkg
[1.068s] running install_egg_info
[1.069s] Copying ../../build/mypkg/mypkg.egg-info to /home/akito/ros2_ws/install/mypkg/lib/python3.8/site-packages/mypkg-0.0.0-py3.8.egg-info
[1.070s] running install_scripts
[1.085s] writing list of installed files to '/home/akito/ros2_ws/build/mypkg/install.log'
[1.102s] Invoked command in '/home/akito/ros2_ws/src/mypkg' returned '0': PYTHONPATH=/home/akito/ros2_ws/build/mypkg/prefix_override:/home/akito/ros2_ws/install/mypkg/lib/python3.8/site-packages:${PYTHONPATH} /usr/bin/python3 setup.py egg_info --egg-base ../../build/mypkg build --build-base /home/akito/ros2_ws/build/mypkg/build install --record /home/akito/ros2_ws/build/mypkg/install.log --install-scripts $base/lib/mypkg --single-version-externally-managed
