[1.923s] DEBUG:colcon:Command line arguments: ['/usr/bin/colcon', 'build']
[1.924s] DEBUG:colcon:Parsed command line arguments: Namespace(allow_overriding=[], ament_cmake_args=None, base_paths=['.'], build_base='build', catkin_cmake_args=None, catkin_skip_building_tests=False, cmake_args=None, cmake_clean_cache=False, cmake_clean_first=False, cmake_force_configure=False, cmake_target=None, cmake_target_skip_unavailable=False, continue_on_error=False, event_handlers=None, executor='parallel', ignore_user_meta=False, install_base='install', log_base=None, log_level=None, main=<bound method BuildVerb.main of <colcon_core.verb.build.BuildVerb object at 0x7fb5e7762eb0>>, merge_install=False, metas=['./colcon.meta'], packages_above=None, packages_above_and_dependencies=None, packages_above_depth=None, packages_end=None, packages_ignore=None, packages_ignore_regex=None, packages_select=None, packages_select_build_failed=False, packages_select_by_dep=None, packages_select_regex=None, packages_select_test_failures=False, packages_skip=None, packages_skip_build_finished=False, packages_skip_by_dep=None, packages_skip_regex=None, packages_skip_test_passed=False, packages_skip_up_to=None, packages_start=None, packages_up_to=None, packages_up_to_regex=None, parallel_workers=8, paths=None, symlink_install=False, test_result_base=None, verb_extension=<colcon_core.verb.build.BuildVerb object at 0x7fb5e7762eb0>, verb_name='build', verb_parser=<colcon_defaults.argument_parser.defaults.DefaultArgumentsDecorator object at 0x7fb5e7368760>)
[2.011s] Level 1:colcon.colcon_core.package_discovery:discover_packages(colcon_meta) check parameters
[2.011s] Level 1:colcon.colcon_core.package_discovery:discover_packages(recursive) check parameters
[2.011s] Level 1:colcon.colcon_core.package_discovery:discover_packages(ignore) check parameters
[2.011s] Level 1:colcon.colcon_core.package_discovery:discover_packages(path) check parameters
[2.011s] Level 1:colcon.colcon_core.package_discovery:discover_packages(colcon_meta) discover
[2.011s] Level 1:colcon.colcon_core.package_discovery:discover_packages(recursive) discover
[2.011s] INFO:colcon.colcon_core.package_discovery:Crawling recursively for packages in '/home/akito/ros2_ws'
[2.011s] Level 1:colcon.colcon_core.package_identification:_identify(.) by extensions ['ignore', 'ignore_ament_install']
[2.011s] Level 1:colcon.colcon_core.package_identification:_identify(.) by extension 'ignore'
[2.011s] Level 1:colcon.colcon_core.package_identification:_identify(.) by extension 'ignore_ament_install'
[2.012s] Level 1:colcon.colcon_core.package_identification:_identify(.) by extensions ['colcon_pkg']
[2.012s] Level 1:colcon.colcon_core.package_identification:_identify(.) by extension 'colcon_pkg'
[2.012s] Level 1:colcon.colcon_core.package_identification:_identify(.) by extensions ['colcon_meta']
[2.012s] Level 1:colcon.colcon_core.package_identification:_identify(.) by extension 'colcon_meta'
[2.012s] Level 1:colcon.colcon_core.package_identification:_identify(.) by extensions ['ros']
[2.012s] Level 1:colcon.colcon_core.package_identification:_identify(.) by extension 'ros'
[2.023s] Level 1:colcon.colcon_core.package_identification:_identify(.) by extensions ['cmake', 'python']
[2.023s] Level 1:colcon.colcon_core.package_identification:_identify(.) by extension 'cmake'
[2.023s] Level 1:colcon.colcon_core.package_identification:_identify(.) by extension 'python'
[2.023s] Level 1:colcon.colcon_core.package_identification:_identify(.) by extensions ['python_setup_py']
[2.023s] Level 1:colcon.colcon_core.package_identification:_identify(.) by extension 'python_setup_py'
[2.023s] Level 1:colcon.colcon_core.package_identification:_identify(build) by extensions ['ignore', 'ignore_ament_install']
[2.023s] Level 1:colcon.colcon_core.package_identification:_identify(build) by extension 'ignore'
[2.023s] Level 1:colcon.colcon_core.package_identification:_identify(build) ignored
[2.023s] Level 1:colcon.colcon_core.package_identification:_identify(install) by extensions ['ignore', 'ignore_ament_install']
[2.023s] Level 1:colcon.colcon_core.package_identification:_identify(install) by extension 'ignore'
[2.023s] Level 1:colcon.colcon_core.package_identification:_identify(install) ignored
[2.024s] Level 1:colcon.colcon_core.package_identification:_identify(log) by extensions ['ignore', 'ignore_ament_install']
[2.024s] Level 1:colcon.colcon_core.package_identification:_identify(log) by extension 'ignore'
[2.024s] Level 1:colcon.colcon_core.package_identification:_identify(log) ignored
[2.024s] Level 1:colcon.colcon_core.package_identification:_identify(src) by extensions ['ignore', 'ignore_ament_install']
[2.024s] Level 1:colcon.colcon_core.package_identification:_identify(src) by extension 'ignore'
[2.024s] Level 1:colcon.colcon_core.package_identification:_identify(src) by extension 'ignore_ament_install'
[2.024s] Level 1:colcon.colcon_core.package_identification:_identify(src) by extensions ['colcon_pkg']
[2.024s] Level 1:colcon.colcon_core.package_identification:_identify(src) by extension 'colcon_pkg'
[2.024s] Level 1:colcon.colcon_core.package_identification:_identify(src) by extensions ['colcon_meta']
[2.024s] Level 1:colcon.colcon_core.package_identification:_identify(src) by extension 'colcon_meta'
[2.024s] Level 1:colcon.colcon_core.package_identification:_identify(src) by extensions ['ros']
[2.024s] Level 1:colcon.colcon_core.package_identification:_identify(src) by extension 'ros'
[2.024s] Level 1:colcon.colcon_core.package_identification:_identify(src) by extensions ['cmake', 'python']
[2.024s] Level 1:colcon.colcon_core.package_identification:_identify(src) by extension 'cmake'
[2.025s] Level 1:colcon.colcon_core.package_identification:_identify(src) by extension 'python'
[2.025s] Level 1:colcon.colcon_core.package_identification:_identify(src) by extensions ['python_setup_py']
[2.025s] Level 1:colcon.colcon_core.package_identification:_identify(src) by extension 'python_setup_py'
[2.025s] Level 1:colcon.colcon_core.package_identification:_identify(src/mypkg) by extensions ['ignore', 'ignore_ament_install']
[2.025s] Level 1:colcon.colcon_core.package_identification:_identify(src/mypkg) by extension 'ignore'
[2.025s] Level 1:colcon.colcon_core.package_identification:_identify(src/mypkg) by extension 'ignore_ament_install'
[2.025s] Level 1:colcon.colcon_core.package_identification:_identify(src/mypkg) by extensions ['colcon_pkg']
[2.025s] Level 1:colcon.colcon_core.package_identification:_identify(src/mypkg) by extension 'colcon_pkg'
[2.025s] Level 1:colcon.colcon_core.package_identification:_identify(src/mypkg) by extensions ['colcon_meta']
[2.025s] Level 1:colcon.colcon_core.package_identification:_identify(src/mypkg) by extension 'colcon_meta'
[2.025s] Level 1:colcon.colcon_core.package_identification:_identify(src/mypkg) by extensions ['ros']
[2.025s] Level 1:colcon.colcon_core.package_identification:_identify(src/mypkg) by extension 'ros'
[2.028s] DEBUG:colcon.colcon_core.package_identification:Package 'src/mypkg' with type 'ros.ament_python' and name 'mypkg'
[2.028s] Level 1:colcon.colcon_core.package_identification:_identify(src/person_msgs) by extensions ['ignore', 'ignore_ament_install']
[2.028s] Level 1:colcon.colcon_core.package_identification:_identify(src/person_msgs) by extension 'ignore'
[2.028s] Level 1:colcon.colcon_core.package_identification:_identify(src/person_msgs) by extension 'ignore_ament_install'
[2.028s] Level 1:colcon.colcon_core.package_identification:_identify(src/person_msgs) by extensions ['colcon_pkg']
[2.028s] Level 1:colcon.colcon_core.package_identification:_identify(src/person_msgs) by extension 'colcon_pkg'
[2.028s] Level 1:colcon.colcon_core.package_identification:_identify(src/person_msgs) by extensions ['colcon_meta']
[2.028s] Level 1:colcon.colcon_core.package_identification:_identify(src/person_msgs) by extension 'colcon_meta'
[2.028s] Level 1:colcon.colcon_core.package_identification:_identify(src/person_msgs) by extensions ['ros']
[2.028s] Level 1:colcon.colcon_core.package_identification:_identify(src/person_msgs) by extension 'ros'
[2.029s] DEBUG:colcon.colcon_core.package_identification:Package 'src/person_msgs' with type 'ros.ament_cmake' and name 'person_msgs'
[2.029s] Level 1:colcon.colcon_core.package_discovery:discover_packages(recursive) using defaults
[2.029s] Level 1:colcon.colcon_core.package_discovery:discover_packages(ignore) discover
[2.029s] Level 1:colcon.colcon_core.package_discovery:discover_packages(ignore) using defaults
[2.029s] Level 1:colcon.colcon_core.package_discovery:discover_packages(path) discover
[2.029s] Level 1:colcon.colcon_core.package_discovery:discover_packages(path) using defaults
[2.220s] Level 1:colcon.colcon_core.package_discovery:discover_packages(prefix_path) check parameters
[2.220s] Level 1:colcon.colcon_core.package_discovery:discover_packages(prefix_path) discover
[2.284s] DEBUG:colcon.colcon_installed_package_information.package_discovery:Found 2 installed packages in /home/akito/ros2_ws/install
[2.316s] DEBUG:colcon.colcon_installed_package_information.package_discovery:Found 256 installed packages in /opt/ros/foxy
[2.317s] Level 1:colcon.colcon_core.package_discovery:discover_packages(prefix_path) using defaults
[2.457s] Level 5:colcon.colcon_core.verb:set package 'mypkg' build argument 'cmake_args' from command line to 'None'
[2.457s] Level 5:colcon.colcon_core.verb:set package 'mypkg' build argument 'cmake_target' from command line to 'None'
[2.457s] Level 5:colcon.colcon_core.verb:set package 'mypkg' build argument 'cmake_target_skip_unavailable' from command line to 'False'
[2.457s] Level 5:colcon.colcon_core.verb:set package 'mypkg' build argument 'cmake_clean_cache' from command line to 'False'
[2.457s] Level 5:colcon.colcon_core.verb:set package 'mypkg' build argument 'cmake_clean_first' from command line to 'False'
[2.458s] Level 5:colcon.colcon_core.verb:set package 'mypkg' build argument 'cmake_force_configure' from command line to 'False'
[2.458s] Level 5:colcon.colcon_core.verb:set package 'mypkg' build argument 'ament_cmake_args' from command line to 'None'
[2.458s] Level 5:colcon.colcon_core.verb:set package 'mypkg' build argument 'catkin_cmake_args' from command line to 'None'
[2.458s] Level 5:colcon.colcon_core.verb:set package 'mypkg' build argument 'catkin_skip_building_tests' from command line to 'False'
[2.458s] DEBUG:colcon.colcon_core.verb:Building package 'mypkg' with the following arguments: {'ament_cmake_args': None, 'build_base': '/home/akito/ros2_ws/build/mypkg', 'catkin_cmake_args': None, 'catkin_skip_building_tests': False, 'cmake_args': None, 'cmake_clean_cache': False, 'cmake_clean_first': False, 'cmake_force_configure': False, 'cmake_target': None, 'cmake_target_skip_unavailable': False, 'install_base': '/home/akito/ros2_ws/install/mypkg', 'merge_install': False, 'path': '/home/akito/ros2_ws/src/mypkg', 'symlink_install': False, 'test_result_base': None}
[2.489s] Level 5:colcon.colcon_core.verb:set package 'person_msgs' build argument 'cmake_args' from command line to 'None'
[2.489s] Level 5:colcon.colcon_core.verb:set package 'person_msgs' build argument 'cmake_target' from command line to 'None'
[2.490s] Level 5:colcon.colcon_core.verb:set package 'person_msgs' build argument 'cmake_target_skip_unavailable' from command line to 'False'
[2.490s] Level 5:colcon.colcon_core.verb:set package 'person_msgs' build argument 'cmake_clean_cache' from command line to 'False'
[2.490s] Level 5:colcon.colcon_core.verb:set package 'person_msgs' build argument 'cmake_clean_first' from command line to 'False'
[2.490s] Level 5:colcon.colcon_core.verb:set package 'person_msgs' build argument 'cmake_force_configure' from command line to 'False'
[2.490s] Level 5:colcon.colcon_core.verb:set package 'person_msgs' build argument 'ament_cmake_args' from command line to 'None'
[2.490s] Level 5:colcon.colcon_core.verb:set package 'person_msgs' build argument 'catkin_cmake_args' from command line to 'None'
[2.490s] Level 5:colcon.colcon_core.verb:set package 'person_msgs' build argument 'catkin_skip_building_tests' from command line to 'False'
[2.490s] DEBUG:colcon.colcon_core.verb:Building package 'person_msgs' with the following arguments: {'ament_cmake_args': None, 'build_base': '/home/akito/ros2_ws/build/person_msgs', 'catkin_cmake_args': None, 'catkin_skip_building_tests': False, 'cmake_args': None, 'cmake_clean_cache': False, 'cmake_clean_first': False, 'cmake_force_configure': False, 'cmake_target': None, 'cmake_target_skip_unavailable': False, 'install_base': '/home/akito/ros2_ws/install/person_msgs', 'merge_install': False, 'path': '/home/akito/ros2_ws/src/person_msgs', 'symlink_install': False, 'test_result_base': None}
[2.520s] INFO:colcon.colcon_core.executor:Executing jobs using 'parallel' executor
[2.552s] DEBUG:colcon.colcon_parallel_executor.executor.parallel:run_until_complete
[2.552s] INFO:colcon.colcon_ros.task.ament_python.build:Building ROS package in '/home/akito/ros2_ws/src/mypkg' with build type 'ament_python'
[2.552s] Level 1:colcon.colcon_core.shell:create_environment_hook('mypkg', 'ament_prefix_path')
[2.588s] INFO:colcon.colcon_core.plugin_system:Skipping extension 'colcon_core.shell.bat': Not used on non-Windows systems
[2.588s] INFO:colcon.colcon_core.shell:Creating environment hook '/home/akito/ros2_ws/install/mypkg/share/mypkg/hook/ament_prefix_path.ps1'
[2.589s] INFO:colcon.colcon_core.shell:Creating environment descriptor '/home/akito/ros2_ws/install/mypkg/share/mypkg/hook/ament_prefix_path.dsv'
[2.589s] INFO:colcon.colcon_core.shell:Creating environment hook '/home/akito/ros2_ws/install/mypkg/share/mypkg/hook/ament_prefix_path.sh'
[2.623s] INFO:colcon.colcon_core.shell:Skip shell extension 'powershell' for command environment: Not usable outside of PowerShell
[2.623s] DEBUG:colcon.colcon_core.shell:Skip shell extension 'dsv' for command environment
[2.726s] INFO:colcon.colcon_ros.task.ament_cmake.build:Building ROS package in '/home/akito/ros2_ws/src/person_msgs' with build type 'ament_cmake'
[2.726s] INFO:colcon.colcon_cmake.task.cmake.build:Building CMake package in '/home/akito/ros2_ws/src/person_msgs'
[2.763s] INFO:colcon.colcon_core.shell:Skip shell extension 'powershell' for command environment: Not usable outside of PowerShell
[2.763s] DEBUG:colcon.colcon_core.shell:Skip shell extension 'dsv' for command environment
[3.082s] INFO:colcon.colcon_core.task.python.build:Building Python package in '/home/akito/ros2_ws/src/mypkg'
[3.117s] INFO:colcon.colcon_core.shell:Skip shell extension 'powershell' for command environment: Not usable outside of PowerShell
[3.117s] DEBUG:colcon.colcon_core.shell:Skip shell extension 'dsv' for command environment
[3.228s] DEBUG:colcon.colcon_core.event_handler.log_command:Invoking command in '/home/akito/ros2_ws/build/person_msgs': CMAKE_PREFIX_PATH=/home/akito/ros2_ws/install/mypkg:/opt/ros/foxy /usr/bin/cmake /home/akito/ros2_ws/src/person_msgs -DCMAKE_INSTALL_PREFIX=/home/akito/ros2_ws/install/person_msgs
[3.715s] DEBUG:colcon.colcon_core.event_handler.log_command:Invoking command in '/home/akito/ros2_ws/src/mypkg': PYTHONPATH=/home/akito/ros2_ws/build/mypkg/prefix_override:/home/akito/ros2_ws/install/mypkg/lib/python3.8/site-packages:${PYTHONPATH} /usr/bin/python3 setup.py egg_info --egg-base ../../build/mypkg build --build-base /home/akito/ros2_ws/build/mypkg/build install --record /home/akito/ros2_ws/build/mypkg/install.log --install-scripts $base/lib/mypkg --single-version-externally-managed
[4.082s] DEBUG:colcon.colcon_core.event_handler.log_command:Invoked command in '/home/akito/ros2_ws/src/mypkg' returned '0': PYTHONPATH=/home/akito/ros2_ws/build/mypkg/prefix_override:/home/akito/ros2_ws/install/mypkg/lib/python3.8/site-packages:${PYTHONPATH} /usr/bin/python3 setup.py egg_info --egg-base ../../build/mypkg build --build-base /home/akito/ros2_ws/build/mypkg/build install --record /home/akito/ros2_ws/build/mypkg/install.log --install-scripts $base/lib/mypkg --single-version-externally-managed
[4.134s] Level 1:colcon.colcon_core.environment:checking '/home/akito/ros2_ws/install/mypkg' for CMake module files
[4.135s] Level 1:colcon.colcon_core.environment:checking '/home/akito/ros2_ws/install/mypkg' for CMake config files
[4.136s] Level 1:colcon.colcon_core.environment:checking '/home/akito/ros2_ws/install/mypkg/lib'
[4.136s] Level 1:colcon.colcon_core.environment:checking '/home/akito/ros2_ws/install/mypkg/bin'
[4.136s] Level 1:colcon.colcon_core.environment:checking '/home/akito/ros2_ws/install/mypkg/lib/pkgconfig/mypkg.pc'
[4.137s] Level 1:colcon.colcon_core.environment:checking '/home/akito/ros2_ws/install/mypkg/lib/python3.8/site-packages'
[4.137s] Level 1:colcon.colcon_core.shell:create_environment_hook('mypkg', 'pythonpath')
[4.181s] INFO:colcon.colcon_core.shell:Creating environment hook '/home/akito/ros2_ws/install/mypkg/share/mypkg/hook/pythonpath.ps1'
[4.181s] INFO:colcon.colcon_core.shell:Creating environment descriptor '/home/akito/ros2_ws/install/mypkg/share/mypkg/hook/pythonpath.dsv'
[4.182s] INFO:colcon.colcon_core.shell:Creating environment hook '/home/akito/ros2_ws/install/mypkg/share/mypkg/hook/pythonpath.sh'
[4.183s] Level 1:colcon.colcon_core.environment:checking '/home/akito/ros2_ws/install/mypkg/bin'
[4.183s] Level 1:colcon.colcon_core.environment:create_environment_scripts_only(mypkg)
[4.229s] INFO:colcon.colcon_core.shell:Creating package script '/home/akito/ros2_ws/install/mypkg/share/mypkg/package.ps1'
[4.230s] INFO:colcon.colcon_core.shell:Creating package descriptor '/home/akito/ros2_ws/install/mypkg/share/mypkg/package.dsv'
[4.231s] INFO:colcon.colcon_core.shell:Creating package script '/home/akito/ros2_ws/install/mypkg/share/mypkg/package.sh'
[4.232s] INFO:colcon.colcon_core.shell:Creating package script '/home/akito/ros2_ws/install/mypkg/share/mypkg/package.bash'
[4.232s] INFO:colcon.colcon_core.shell:Creating package script '/home/akito/ros2_ws/install/mypkg/share/mypkg/package.zsh'
[4.233s] Level 1:colcon.colcon_core.environment:create_file_with_runtime_dependencies(/home/akito/ros2_ws/install/mypkg/share/colcon-core/packages/mypkg)
[7.474s] DEBUG:colcon.colcon_core.event_handler.log_command:Invoked command in '/home/akito/ros2_ws/build/person_msgs' returned '0': CMAKE_PREFIX_PATH=/home/akito/ros2_ws/install/mypkg:/opt/ros/foxy /usr/bin/cmake /home/akito/ros2_ws/src/person_msgs -DCMAKE_INSTALL_PREFIX=/home/akito/ros2_ws/install/person_msgs
[7.478s] DEBUG:colcon.colcon_core.event_handler.log_command:Invoking command in '/home/akito/ros2_ws/build/person_msgs': CMAKE_PREFIX_PATH=/home/akito/ros2_ws/install/mypkg:/opt/ros/foxy /usr/bin/cmake --build /home/akito/ros2_ws/build/person_msgs -- -j8 -l8
[10.662s] DEBUG:colcon.colcon_core.event_handler.log_command:Invoked command in '/home/akito/ros2_ws/build/person_msgs' returned '0': CMAKE_PREFIX_PATH=/home/akito/ros2_ws/install/mypkg:/opt/ros/foxy /usr/bin/cmake --build /home/akito/ros2_ws/build/person_msgs -- -j8 -l8
[10.719s] DEBUG:colcon.colcon_core.event_handler.log_command:Invoking command in '/home/akito/ros2_ws/build/person_msgs': CMAKE_PREFIX_PATH=/home/akito/ros2_ws/install/mypkg:/opt/ros/foxy /usr/bin/cmake --install /home/akito/ros2_ws/build/person_msgs
[10.795s] Level 1:colcon.colcon_core.environment:create_environment_scripts_only(person_msgs)
[10.795s] DEBUG:colcon.colcon_core.event_handler.log_command:Invoked command in '/home/akito/ros2_ws/build/person_msgs' returned '0': CMAKE_PREFIX_PATH=/home/akito/ros2_ws/install/mypkg:/opt/ros/foxy /usr/bin/cmake --install /home/akito/ros2_ws/build/person_msgs
[10.831s] Level 1:colcon.colcon_core.environment:checking '/home/akito/ros2_ws/install/person_msgs' for CMake module files
[10.832s] Level 1:colcon.colcon_core.environment:checking '/home/akito/ros2_ws/install/person_msgs' for CMake config files
[10.832s] Level 1:colcon.colcon_core.shell:create_environment_hook('person_msgs', 'cmake_prefix_path')
[10.869s] INFO:colcon.colcon_core.shell:Creating environment hook '/home/akito/ros2_ws/install/person_msgs/share/person_msgs/hook/cmake_prefix_path.ps1'
[10.869s] INFO:colcon.colcon_core.shell:Creating environment descriptor '/home/akito/ros2_ws/install/person_msgs/share/person_msgs/hook/cmake_prefix_path.dsv'
[10.870s] INFO:colcon.colcon_core.shell:Creating environment hook '/home/akito/ros2_ws/install/person_msgs/share/person_msgs/hook/cmake_prefix_path.sh'
[10.870s] Level 1:colcon.colcon_core.environment:checking '/home/akito/ros2_ws/install/person_msgs/lib'
[10.870s] Level 1:colcon.colcon_core.shell:create_environment_hook('person_msgs', 'ld_library_path_lib')
[10.904s] INFO:colcon.colcon_core.shell:Creating environment hook '/home/akito/ros2_ws/install/person_msgs/share/person_msgs/hook/ld_library_path_lib.ps1'
[10.904s] INFO:colcon.colcon_core.shell:Creating environment descriptor '/home/akito/ros2_ws/install/person_msgs/share/person_msgs/hook/ld_library_path_lib.dsv'
[10.904s] INFO:colcon.colcon_core.shell:Creating environment hook '/home/akito/ros2_ws/install/person_msgs/share/person_msgs/hook/ld_library_path_lib.sh'
[10.905s] Level 1:colcon.colcon_core.environment:checking '/home/akito/ros2_ws/install/person_msgs/bin'
[10.905s] Level 1:colcon.colcon_core.environment:checking '/home/akito/ros2_ws/install/person_msgs/lib/pkgconfig/person_msgs.pc'
[10.905s] Level 1:colcon.colcon_core.environment:checking '/home/akito/ros2_ws/install/person_msgs/lib/python3.8/site-packages'
[10.905s] Level 1:colcon.colcon_core.shell:create_environment_hook('person_msgs', 'pythonpath')
[10.942s] INFO:colcon.colcon_core.shell:Creating environment hook '/home/akito/ros2_ws/install/person_msgs/share/person_msgs/hook/pythonpath.ps1'
[10.942s] INFO:colcon.colcon_core.shell:Creating environment descriptor '/home/akito/ros2_ws/install/person_msgs/share/person_msgs/hook/pythonpath.dsv'
[10.943s] INFO:colcon.colcon_core.shell:Creating environment hook '/home/akito/ros2_ws/install/person_msgs/share/person_msgs/hook/pythonpath.sh'
[10.943s] Level 1:colcon.colcon_core.environment:checking '/home/akito/ros2_ws/install/person_msgs/bin'
[10.984s] INFO:colcon.colcon_core.shell:Creating package script '/home/akito/ros2_ws/install/person_msgs/share/person_msgs/package.ps1'
[10.985s] INFO:colcon.colcon_core.shell:Creating package descriptor '/home/akito/ros2_ws/install/person_msgs/share/person_msgs/package.dsv'
[10.986s] INFO:colcon.colcon_core.shell:Creating package script '/home/akito/ros2_ws/install/person_msgs/share/person_msgs/package.sh'
[10.986s] INFO:colcon.colcon_core.shell:Creating package script '/home/akito/ros2_ws/install/person_msgs/share/person_msgs/package.bash'
[10.987s] INFO:colcon.colcon_core.shell:Creating package script '/home/akito/ros2_ws/install/person_msgs/share/person_msgs/package.zsh'
[10.987s] Level 1:colcon.colcon_core.environment:create_file_with_runtime_dependencies(/home/akito/ros2_ws/install/person_msgs/share/colcon-core/packages/person_msgs)
[11.070s] Level 1:colcon.colcon_core.environment:create_environment_scripts_only(person_msgs)
[11.103s] Level 1:colcon.colcon_core.environment:checking '/home/akito/ros2_ws/install/person_msgs' for CMake module files
[11.104s] Level 1:colcon.colcon_core.environment:checking '/home/akito/ros2_ws/install/person_msgs' for CMake config files
[11.104s] Level 1:colcon.colcon_core.shell:create_environment_hook('person_msgs', 'cmake_prefix_path')
[11.138s] INFO:colcon.colcon_core.shell:Creating environment hook '/home/akito/ros2_ws/install/person_msgs/share/person_msgs/hook/cmake_prefix_path.ps1'
[11.138s] INFO:colcon.colcon_core.shell:Creating environment descriptor '/home/akito/ros2_ws/install/person_msgs/share/person_msgs/hook/cmake_prefix_path.dsv'
[11.139s] INFO:colcon.colcon_core.shell:Creating environment hook '/home/akito/ros2_ws/install/person_msgs/share/person_msgs/hook/cmake_prefix_path.sh'
[11.139s] Level 1:colcon.colcon_core.environment:checking '/home/akito/ros2_ws/install/person_msgs/lib'
[11.139s] Level 1:colcon.colcon_core.shell:create_environment_hook('person_msgs', 'ld_library_path_lib')
[11.172s] INFO:colcon.colcon_core.shell:Creating environment hook '/home/akito/ros2_ws/install/person_msgs/share/person_msgs/hook/ld_library_path_lib.ps1'
[11.172s] INFO:colcon.colcon_core.shell:Creating environment descriptor '/home/akito/ros2_ws/install/person_msgs/share/person_msgs/hook/ld_library_path_lib.dsv'
[11.173s] INFO:colcon.colcon_core.shell:Creating environment hook '/home/akito/ros2_ws/install/person_msgs/share/person_msgs/hook/ld_library_path_lib.sh'
[11.173s] Level 1:colcon.colcon_core.environment:checking '/home/akito/ros2_ws/install/person_msgs/bin'
[11.173s] Level 1:colcon.colcon_core.environment:checking '/home/akito/ros2_ws/install/person_msgs/lib/pkgconfig/person_msgs.pc'
[11.173s] Level 1:colcon.colcon_core.environment:checking '/home/akito/ros2_ws/install/person_msgs/lib/python3.8/site-packages'
[11.173s] Level 1:colcon.colcon_core.shell:create_environment_hook('person_msgs', 'pythonpath')
[11.213s] INFO:colcon.colcon_core.shell:Creating environment hook '/home/akito/ros2_ws/install/person_msgs/share/person_msgs/hook/pythonpath.ps1'
[11.214s] INFO:colcon.colcon_core.shell:Creating environment descriptor '/home/akito/ros2_ws/install/person_msgs/share/person_msgs/hook/pythonpath.dsv'
[11.214s] INFO:colcon.colcon_core.shell:Creating environment hook '/home/akito/ros2_ws/install/person_msgs/share/person_msgs/hook/pythonpath.sh'
[11.215s] Level 1:colcon.colcon_core.environment:checking '/home/akito/ros2_ws/install/person_msgs/bin'
[11.250s] INFO:colcon.colcon_core.shell:Creating package script '/home/akito/ros2_ws/install/person_msgs/share/person_msgs/package.ps1'
[11.251s] INFO:colcon.colcon_core.shell:Creating package descriptor '/home/akito/ros2_ws/install/person_msgs/share/person_msgs/package.dsv'
[11.251s] INFO:colcon.colcon_core.shell:Creating package script '/home/akito/ros2_ws/install/person_msgs/share/person_msgs/package.sh'
[11.252s] INFO:colcon.colcon_core.shell:Creating package script '/home/akito/ros2_ws/install/person_msgs/share/person_msgs/package.bash'
[11.252s] INFO:colcon.colcon_core.shell:Creating package script '/home/akito/ros2_ws/install/person_msgs/share/person_msgs/package.zsh'
[11.253s] Level 1:colcon.colcon_core.environment:create_file_with_runtime_dependencies(/home/akito/ros2_ws/install/person_msgs/share/colcon-core/packages/person_msgs)
[11.253s] DEBUG:colcon.colcon_parallel_executor.executor.parallel:closing loop
[11.253s] DEBUG:colcon.colcon_parallel_executor.executor.parallel:loop closed
[11.254s] DEBUG:colcon.colcon_parallel_executor.executor.parallel:run_until_complete finished with '0'
[11.254s] DEBUG:colcon.colcon_core.event_reactor:joining thread
[11.312s] INFO:colcon.colcon_core.plugin_system:Skipping extension 'colcon_notification.desktop_notification.notify_send': Could not find 'notify-send'
[11.313s] INFO:colcon.colcon_core.plugin_system:Skipping extension 'colcon_notification.desktop_notification.terminal_notifier': Not used on non-Darwin systems
[11.313s] INFO:colcon.colcon_core.plugin_system:Skipping extension 'colcon_notification.desktop_notification.win32': Not used on non-Windows systems
[11.313s] INFO:colcon.colcon_notification.desktop_notification:Sending desktop notification using 'notify2'
[11.318s] DEBUG:colcon.colcon_notification.desktop_notification.notify2:Failed to initialize notify2: org.freedesktop.DBus.Error.ServiceUnknown: The name org.freedesktop.Notifications was not provided by any .service files
[11.318s] DEBUG:colcon.colcon_core.event_reactor:joined thread
[11.351s] INFO:colcon.colcon_core.shell:Creating prefix script '/home/akito/ros2_ws/install/local_setup.ps1'
[11.352s] INFO:colcon.colcon_core.shell:Creating prefix util module '/home/akito/ros2_ws/install/_local_setup_util_ps1.py'
[11.353s] INFO:colcon.colcon_core.shell:Creating prefix chain script '/home/akito/ros2_ws/install/setup.ps1'
[11.388s] INFO:colcon.colcon_core.shell:Creating prefix script '/home/akito/ros2_ws/install/local_setup.sh'
[11.389s] INFO:colcon.colcon_core.shell:Creating prefix util module '/home/akito/ros2_ws/install/_local_setup_util_sh.py'
[11.389s] INFO:colcon.colcon_core.shell:Creating prefix chain script '/home/akito/ros2_ws/install/setup.sh'
[11.422s] INFO:colcon.colcon_core.shell:Creating prefix script '/home/akito/ros2_ws/install/local_setup.bash'
[11.422s] INFO:colcon.colcon_core.shell:Creating prefix chain script '/home/akito/ros2_ws/install/setup.bash'
[11.456s] INFO:colcon.colcon_core.shell:Creating prefix script '/home/akito/ros2_ws/install/local_setup.zsh'
[11.456s] INFO:colcon.colcon_core.shell:Creating prefix chain script '/home/akito/ros2_ws/install/setup.zsh'
