[2.019s] Invoking command in '/home/akito/ros2_ws/src/mypkg': PYTHONPATH=/home/akito/ros2_ws/build/mypkg/prefix_override:/home/akito/ros2_ws/install/mypkg/lib/python3.8/site-packages:${PYTHONPATH} /usr/bin/python3 setup.py egg_info --egg-base ../../build/mypkg build --build-base /home/akito/ros2_ws/build/mypkg/build install --record /home/akito/ros2_ws/build/mypkg/install.log --install-scripts $base/lib/mypkg --single-version-externally-managed
[2.301s] running egg_info
[2.301s] writing ../../build/mypkg/mypkg.egg-info/PKG-INFO
[2.301s] writing dependency_links to ../../build/mypkg/mypkg.egg-info/dependency_links.txt
[2.301s] writing entry points to ../../build/mypkg/mypkg.egg-info/entry_points.txt
[2.302s] writing requirements to ../../build/mypkg/mypkg.egg-info/requires.txt
[2.302s] writing top-level names to ../../build/mypkg/mypkg.egg-info/top_level.txt
[2.359s] reading manifest file '../../build/mypkg/mypkg.egg-info/SOURCES.txt'
[2.362s] writing manifest file '../../build/mypkg/mypkg.egg-info/SOURCES.txt'
[2.363s] running build
[2.363s] running build_py
[2.365s] running install
[2.365s] running install_lib
[2.366s] running install_data
[2.367s] running install_egg_info
[2.369s] removing '/home/akito/ros2_ws/install/mypkg/lib/python3.8/site-packages/mypkg-0.0.0-py3.8.egg-info' (and everything under it)
[2.369s] Copying ../../build/mypkg/mypkg.egg-info to /home/akito/ros2_ws/install/mypkg/lib/python3.8/site-packages/mypkg-0.0.0-py3.8.egg-info
[2.369s] running install_scripts
[2.401s] Installing listener script to /home/akito/ros2_ws/install/mypkg/lib/mypkg
[2.402s] Installing talker script to /home/akito/ros2_ws/install/mypkg/lib/mypkg
[2.402s] writing list of installed files to '/home/akito/ros2_ws/build/mypkg/install.log'
[2.420s] Invoked command in '/home/akito/ros2_ws/src/mypkg' returned '0': PYTHONPATH=/home/akito/ros2_ws/build/mypkg/prefix_override:/home/akito/ros2_ws/install/mypkg/lib/python3.8/site-packages:${PYTHONPATH} /usr/bin/python3 setup.py egg_info --egg-base ../../build/mypkg build --build-base /home/akito/ros2_ws/build/mypkg/build install --record /home/akito/ros2_ws/build/mypkg/install.log --install-scripts $base/lib/mypkg --single-version-externally-managed
