[1.161s] Invoking command in '/home/akito/ros2_ws/src/mypkg': PYTHONPATH=/home/akito/ros2_ws/build/mypkg/prefix_override:/home/akito/ros2_ws/install/mypkg/lib/python3.8/site-packages:${PYTHONPATH} /usr/bin/python3 setup.py egg_info --egg-base ../../build/mypkg build --build-base /home/akito/ros2_ws/build/mypkg/build install --record /home/akito/ros2_ws/build/mypkg/install.log --install-scripts $base/lib/mypkg --single-version-externally-managed
[1.425s] running egg_info
[1.426s] writing ../../build/mypkg/mypkg.egg-info/PKG-INFO
[1.426s] writing dependency_links to ../../build/mypkg/mypkg.egg-info/dependency_links.txt
[1.427s] writing entry points to ../../build/mypkg/mypkg.egg-info/entry_points.txt
[1.427s] writing requirements to ../../build/mypkg/mypkg.egg-info/requires.txt
[1.428s] writing top-level names to ../../build/mypkg/mypkg.egg-info/top_level.txt
[1.472s] reading manifest file '../../build/mypkg/mypkg.egg-info/SOURCES.txt'
[1.473s] writing manifest file '../../build/mypkg/mypkg.egg-info/SOURCES.txt'
[1.474s] running build
[1.474s] running build_py
[1.475s] running install
[1.475s] running install_lib
[1.477s] running install_data
[1.477s] running install_egg_info
[1.479s] removing '/home/akito/ros2_ws/install/mypkg/lib/python3.8/site-packages/mypkg-0.0.0-py3.8.egg-info' (and everything under it)
[1.480s] Copying ../../build/mypkg/mypkg.egg-info to /home/akito/ros2_ws/install/mypkg/lib/python3.8/site-packages/mypkg-0.0.0-py3.8.egg-info
[1.481s] running install_scripts
[1.506s] Installing listener script to /home/akito/ros2_ws/install/mypkg/lib/mypkg
[1.506s] Installing talker script to /home/akito/ros2_ws/install/mypkg/lib/mypkg
[1.506s] writing list of installed files to '/home/akito/ros2_ws/build/mypkg/install.log'
[1.528s] Invoked command in '/home/akito/ros2_ws/src/mypkg' returned '0': PYTHONPATH=/home/akito/ros2_ws/build/mypkg/prefix_override:/home/akito/ros2_ws/install/mypkg/lib/python3.8/site-packages:${PYTHONPATH} /usr/bin/python3 setup.py egg_info --egg-base ../../build/mypkg build --build-base /home/akito/ros2_ws/build/mypkg/build install --record /home/akito/ros2_ws/build/mypkg/install.log --install-scripts $base/lib/mypkg --single-version-externally-managed
