[1.159s] Invoking command in '/home/akito/ros2_ws/src/mypkg': PYTHONPATH=/home/akito/ros2_ws/build/mypkg/prefix_override:/home/akito/ros2_ws/install/mypkg/lib/python3.8/site-packages:${PYTHONPATH} /usr/bin/python3 setup.py egg_info --egg-base ../../build/mypkg build --build-base /home/akito/ros2_ws/build/mypkg/build install --record /home/akito/ros2_ws/build/mypkg/install.log --install-scripts $base/lib/mypkg --single-version-externally-managed
[1.459s] running egg_info
[1.459s] writing ../../build/mypkg/mypkg.egg-info/PKG-INFO
[1.460s] writing dependency_links to ../../build/mypkg/mypkg.egg-info/dependency_links.txt
[1.460s] writing entry points to ../../build/mypkg/mypkg.egg-info/entry_points.txt
[1.460s] writing requirements to ../../build/mypkg/mypkg.egg-info/requires.txt
[1.460s] writing top-level names to ../../build/mypkg/mypkg.egg-info/top_level.txt
[1.519s] reading manifest file '../../build/mypkg/mypkg.egg-info/SOURCES.txt'
[1.520s] writing manifest file '../../build/mypkg/mypkg.egg-info/SOURCES.txt'
[1.520s] running build
[1.521s] running build_py
[1.521s] running install
[1.522s] running install_lib
[1.524s] byte-compiling /home/akito/ros2_ws/install/mypkg/lib/python3.8/site-packages/mypkg/talker.py to talker.cpython-38.pyc
[1.527s]   File "/home/akito/ros2_ws/install/mypkg/lib/python3.8/site-packages/mypkg/talker.py", line 1
[1.527s]     1 import rclpy                     #ROS2のクライアントのためのライブラリ
[1.527s]       ^
[1.528s] SyntaxError: invalid syntax
[1.528s] 
[1.528s] running install_data
[1.528s] running install_egg_info
[1.530s] removing '/home/akito/ros2_ws/install/mypkg/lib/python3.8/site-packages/mypkg-0.0.0-py3.8.egg-info' (and everything under it)
[1.530s] Copying ../../build/mypkg/mypkg.egg-info to /home/akito/ros2_ws/install/mypkg/lib/python3.8/site-packages/mypkg-0.0.0-py3.8.egg-info
[1.532s] running install_scripts
[1.564s] Installing talker script to /home/akito/ros2_ws/install/mypkg/lib/mypkg
[1.564s] writing list of installed files to '/home/akito/ros2_ws/build/mypkg/install.log'
[1.597s] Invoked command in '/home/akito/ros2_ws/src/mypkg' returned '0': PYTHONPATH=/home/akito/ros2_ws/build/mypkg/prefix_override:/home/akito/ros2_ws/install/mypkg/lib/python3.8/site-packages:${PYTHONPATH} /usr/bin/python3 setup.py egg_info --egg-base ../../build/mypkg build --build-base /home/akito/ros2_ws/build/mypkg/build install --record /home/akito/ros2_ws/build/mypkg/install.log --install-scripts $base/lib/mypkg --single-version-externally-managed
