[2.023s] Invoking command in '/home/akito/ros2_ws/src/mypkg': PYTHONPATH=/home/akito/ros2_ws/build/mypkg/prefix_override:/home/akito/ros2_ws/install/mypkg/lib/python3.8/site-packages:${PYTHONPATH} /usr/bin/python3 setup.py egg_info --egg-base ../../build/mypkg build --build-base /home/akito/ros2_ws/build/mypkg/build install --record /home/akito/ros2_ws/build/mypkg/install.log --install-scripts $base/lib/mypkg --single-version-externally-managed
[2.297s] running egg_info
[2.297s] writing ../../build/mypkg/mypkg.egg-info/PKG-INFO
[2.299s] writing dependency_links to ../../build/mypkg/mypkg.egg-info/dependency_links.txt
[2.299s] writing entry points to ../../build/mypkg/mypkg.egg-info/entry_points.txt
[2.299s] writing requirements to ../../build/mypkg/mypkg.egg-info/requires.txt
[2.299s] writing top-level names to ../../build/mypkg/mypkg.egg-info/top_level.txt
[2.410s] reading manifest file '../../build/mypkg/mypkg.egg-info/SOURCES.txt'
[2.412s] writing manifest file '../../build/mypkg/mypkg.egg-info/SOURCES.txt'
[2.413s] running build
[2.413s] running build_py
[2.413s] running install
[2.414s] running install_lib
[2.416s] byte-compiling /home/akito/ros2_ws/install/mypkg/lib/python3.8/site-packages/mypkg/talker.py to talker.cpython-38.pyc
[2.419s]   File "/home/akito/ros2_ws/install/mypkg/lib/python3.8/site-packages/mypkg/talker.py", line 1
[2.419s]     1 import rclpy                     #ROS2のクライアントのためのライブラリ
[2.419s]       ^
[2.420s] SyntaxError: invalid syntax
[2.420s] 
[2.420s] running install_data
[2.421s] running install_egg_info
[2.422s] removing '/home/akito/ros2_ws/install/mypkg/lib/python3.8/site-packages/mypkg-0.0.0-py3.8.egg-info' (and everything under it)
[2.423s] Copying ../../build/mypkg/mypkg.egg-info to /home/akito/ros2_ws/install/mypkg/lib/python3.8/site-packages/mypkg-0.0.0-py3.8.egg-info
[2.425s] running install_scripts
[2.449s] Installing talker script to /home/akito/ros2_ws/install/mypkg/lib/mypkg
[2.450s] writing list of installed files to '/home/akito/ros2_ws/build/mypkg/install.log'
[2.470s] Invoked command in '/home/akito/ros2_ws/src/mypkg' returned '0': PYTHONPATH=/home/akito/ros2_ws/build/mypkg/prefix_override:/home/akito/ros2_ws/install/mypkg/lib/python3.8/site-packages:${PYTHONPATH} /usr/bin/python3 setup.py egg_info --egg-base ../../build/mypkg build --build-base /home/akito/ros2_ws/build/mypkg/build install --record /home/akito/ros2_ws/build/mypkg/install.log --install-scripts $base/lib/mypkg --single-version-externally-managed
