[0.836s] Invoking command in '/home/akito/ros2_ws/src/mypkg': PYTHONPATH=/home/akito/ros2_ws/build/mypkg/prefix_override:/home/akito/ros2_ws/install/mypkg/lib/python3.8/site-packages:${PYTHONPATH} /usr/bin/python3 setup.py egg_info --egg-base ../../build/mypkg build --build-base /home/akito/ros2_ws/build/mypkg/build install --record /home/akito/ros2_ws/build/mypkg/install.log --install-scripts $base/lib/mypkg --single-version-externally-managed
[1.012s] running egg_info
[1.013s] writing ../../build/mypkg/mypkg.egg-info/PKG-INFO
[1.013s] writing dependency_links to ../../build/mypkg/mypkg.egg-info/dependency_links.txt
[1.013s] writing entry points to ../../build/mypkg/mypkg.egg-info/entry_points.txt
[1.014s] writing requirements to ../../build/mypkg/mypkg.egg-info/requires.txt
[1.014s] writing top-level names to ../../build/mypkg/mypkg.egg-info/top_level.txt
[1.046s] reading manifest file '../../build/mypkg/mypkg.egg-info/SOURCES.txt'
[1.047s] writing manifest file '../../build/mypkg/mypkg.egg-info/SOURCES.txt'
[1.047s] running build
[1.047s] running build_py
[1.047s] running install
[1.048s] running install_lib
[1.050s] running install_data
[1.051s] copying package.xml -> /home/akito/ros2_ws/install/mypkg/share/mypkg
[1.051s] copying launch/talk_listen.launch.py -> /home/akito/ros2_ws/install/mypkg/share/mypkg
[1.051s] running install_egg_info
[1.054s] removing '/home/akito/ros2_ws/install/mypkg/lib/python3.8/site-packages/mypkg-0.0.0-py3.8.egg-info' (and everything under it)
[1.054s] Copying ../../build/mypkg/mypkg.egg-info to /home/akito/ros2_ws/install/mypkg/lib/python3.8/site-packages/mypkg-0.0.0-py3.8.egg-info
[1.055s] running install_scripts
[1.071s] Installing listener script to /home/akito/ros2_ws/install/mypkg/lib/mypkg
[1.072s] Installing talker script to /home/akito/ros2_ws/install/mypkg/lib/mypkg
[1.072s] writing list of installed files to '/home/akito/ros2_ws/build/mypkg/install.log'
[1.090s] Invoked command in '/home/akito/ros2_ws/src/mypkg' returned '0': PYTHONPATH=/home/akito/ros2_ws/build/mypkg/prefix_override:/home/akito/ros2_ws/install/mypkg/lib/python3.8/site-packages:${PYTHONPATH} /usr/bin/python3 setup.py egg_info --egg-base ../../build/mypkg build --build-base /home/akito/ros2_ws/build/mypkg/build install --record /home/akito/ros2_ws/build/mypkg/install.log --install-scripts $base/lib/mypkg --single-version-externally-managed
