[0.841s] Invoking command in '/home/akito/ros2_ws/src/mypkg': PYTHONPATH=/home/akito/ros2_ws/build/mypkg/prefix_override:/home/akito/ros2_ws/install/mypkg/lib/python3.8/site-packages:${PYTHONPATH} /usr/bin/python3 setup.py egg_info --egg-base ../../build/mypkg build --build-base /home/akito/ros2_ws/build/mypkg/build install --record /home/akito/ros2_ws/build/mypkg/install.log --install-scripts $base/lib/mypkg --single-version-externally-managed
[1.020s] running egg_info
[1.020s] writing ../../build/mypkg/mypkg.egg-info/PKG-INFO
[1.020s] writing dependency_links to ../../build/mypkg/mypkg.egg-info/dependency_links.txt
[1.021s] writing entry points to ../../build/mypkg/mypkg.egg-info/entry_points.txt
[1.021s] writing requirements to ../../build/mypkg/mypkg.egg-info/requires.txt
[1.021s] writing top-level names to ../../build/mypkg/mypkg.egg-info/top_level.txt
[1.057s] reading manifest file '../../build/mypkg/mypkg.egg-info/SOURCES.txt'
[1.058s] writing manifest file '../../build/mypkg/mypkg.egg-info/SOURCES.txt'
[1.059s] running build
[1.059s] running build_py
[1.059s] running install
[1.060s] running install_lib
[1.061s] running install_data
[1.062s] copying launch/talk_listen.launch.py -> /home/akito/ros2_ws/install/mypkg/share/mypkg
[1.062s] running install_egg_info
[1.064s] removing '/home/akito/ros2_ws/install/mypkg/lib/python3.8/site-packages/mypkg-0.0.0-py3.8.egg-info' (and everything under it)
[1.064s] Copying ../../build/mypkg/mypkg.egg-info to /home/akito/ros2_ws/install/mypkg/lib/python3.8/site-packages/mypkg-0.0.0-py3.8.egg-info
[1.065s] running install_scripts
[1.081s] Installing listener script to /home/akito/ros2_ws/install/mypkg/lib/mypkg
[1.081s] Installing talker script to /home/akito/ros2_ws/install/mypkg/lib/mypkg
[1.081s] writing list of installed files to '/home/akito/ros2_ws/build/mypkg/install.log'
[1.098s] Invoked command in '/home/akito/ros2_ws/src/mypkg' returned '0': PYTHONPATH=/home/akito/ros2_ws/build/mypkg/prefix_override:/home/akito/ros2_ws/install/mypkg/lib/python3.8/site-packages:${PYTHONPATH} /usr/bin/python3 setup.py egg_info --egg-base ../../build/mypkg build --build-base /home/akito/ros2_ws/build/mypkg/build install --record /home/akito/ros2_ws/build/mypkg/install.log --install-scripts $base/lib/mypkg --single-version-externally-managed
