[0.832s] Invoking command in '/home/akito/ros2_ws/src/mypkg': PYTHONPATH=/home/akito/ros2_ws/build/mypkg/prefix_override:/home/akito/ros2_ws/install/mypkg/lib/python3.8/site-packages:${PYTHONPATH} /usr/bin/python3 setup.py egg_info --egg-base ../../build/mypkg build --build-base /home/akito/ros2_ws/build/mypkg/build install --record /home/akito/ros2_ws/build/mypkg/install.log --install-scripts $base/lib/mypkg --single-version-externally-managed
[1.008s] running egg_info
[1.009s] writing ../../build/mypkg/mypkg.egg-info/PKG-INFO
[1.009s] writing dependency_links to ../../build/mypkg/mypkg.egg-info/dependency_links.txt
[1.009s] writing entry points to ../../build/mypkg/mypkg.egg-info/entry_points.txt
[1.010s] writing requirements to ../../build/mypkg/mypkg.egg-info/requires.txt
[1.010s] writing top-level names to ../../build/mypkg/mypkg.egg-info/top_level.txt
[1.043s] reading manifest file '../../build/mypkg/mypkg.egg-info/SOURCES.txt'
[1.043s] writing manifest file '../../build/mypkg/mypkg.egg-info/SOURCES.txt'
[1.043s] running build
[1.044s] running build_py
[1.044s] running install
[1.044s] running install_lib
[1.046s] byte-compiling /home/akito/ros2_ws/install/mypkg/lib/python3.8/site-packages/mypkg/talker.py to talker.cpython-38.pyc
[1.047s]   File "/home/akito/ros2_ws/install/mypkg/lib/python3.8/site-packages/mypkg/talker.py", line 1
[1.047s]     1 import rclpy                     #ROS2のクライアントのためのライブラリ
[1.047s]       ^
[1.047s] SyntaxError: invalid syntax
[1.047s] 
[1.047s] running install_data
[1.048s] running install_egg_info
[1.049s] removing '/home/akito/ros2_ws/install/mypkg/lib/python3.8/site-packages/mypkg-0.0.0-py3.8.egg-info' (and everything under it)
[1.049s] Copying ../../build/mypkg/mypkg.egg-info to /home/akito/ros2_ws/install/mypkg/lib/python3.8/site-packages/mypkg-0.0.0-py3.8.egg-info
[1.050s] running install_scripts
[1.065s] Installing talker script to /home/akito/ros2_ws/install/mypkg/lib/mypkg
[1.065s] writing list of installed files to '/home/akito/ros2_ws/build/mypkg/install.log'
[1.083s] Invoked command in '/home/akito/ros2_ws/src/mypkg' returned '0': PYTHONPATH=/home/akito/ros2_ws/build/mypkg/prefix_override:/home/akito/ros2_ws/install/mypkg/lib/python3.8/site-packages:${PYTHONPATH} /usr/bin/python3 setup.py egg_info --egg-base ../../build/mypkg build --build-base /home/akito/ros2_ws/build/mypkg/build install --record /home/akito/ros2_ws/build/mypkg/install.log --install-scripts $base/lib/mypkg --single-version-externally-managed
