[1.134s] Invoking command in '/home/akito/ros2_ws/src/mypkg': PYTHONPATH=/home/akito/ros2_ws/build/mypkg/prefix_override:/home/akito/ros2_ws/install/mypkg/lib/python3.8/site-packages:${PYTHONPATH} /usr/bin/python3 setup.py egg_info --egg-base ../../build/mypkg build --build-base /home/akito/ros2_ws/build/mypkg/build install --record /home/akito/ros2_ws/build/mypkg/install.log --install-scripts $base/lib/mypkg --single-version-externally-managed
[1.386s] running egg_info
[1.387s] writing ../../build/mypkg/mypkg.egg-info/PKG-INFO
[1.387s] writing dependency_links to ../../build/mypkg/mypkg.egg-info/dependency_links.txt
[1.388s] writing entry points to ../../build/mypkg/mypkg.egg-info/entry_points.txt
[1.388s] writing requirements to ../../build/mypkg/mypkg.egg-info/requires.txt
[1.388s] writing top-level names to ../../build/mypkg/mypkg.egg-info/top_level.txt
[1.429s] reading manifest file '../../build/mypkg/mypkg.egg-info/SOURCES.txt'
[1.430s] writing manifest file '../../build/mypkg/mypkg.egg-info/SOURCES.txt'
[1.430s] running build
[1.430s] running build_py
[1.431s] running install
[1.432s] running install_lib
[1.433s] running install_data
[1.434s] running install_egg_info
[1.436s] removing '/home/akito/ros2_ws/install/mypkg/lib/python3.8/site-packages/mypkg-0.0.0-py3.8.egg-info' (and everything under it)
[1.436s] Copying ../../build/mypkg/mypkg.egg-info to /home/akito/ros2_ws/install/mypkg/lib/python3.8/site-packages/mypkg-0.0.0-py3.8.egg-info
[1.437s] running install_scripts
[1.460s] Installing listener script to /home/akito/ros2_ws/install/mypkg/lib/mypkg
[1.460s] Installing talker script to /home/akito/ros2_ws/install/mypkg/lib/mypkg
[1.460s] writing list of installed files to '/home/akito/ros2_ws/build/mypkg/install.log'
[1.488s] Invoked command in '/home/akito/ros2_ws/src/mypkg' returned '0': PYTHONPATH=/home/akito/ros2_ws/build/mypkg/prefix_override:/home/akito/ros2_ws/install/mypkg/lib/python3.8/site-packages:${PYTHONPATH} /usr/bin/python3 setup.py egg_info --egg-base ../../build/mypkg build --build-base /home/akito/ros2_ws/build/mypkg/build install --record /home/akito/ros2_ws/build/mypkg/install.log --install-scripts $base/lib/mypkg --single-version-externally-managed
