[1.883s] DEBUG:colcon:Command line arguments: ['/usr/bin/colcon', 'build']
[1.883s] DEBUG:colcon:Parsed command line arguments: Namespace(allow_overriding=[], ament_cmake_args=None, base_paths=['.'], build_base='build', catkin_cmake_args=None, catkin_skip_building_tests=False, cmake_args=None, cmake_clean_cache=False, cmake_clean_first=False, cmake_force_configure=False, cmake_target=None, cmake_target_skip_unavailable=False, continue_on_error=False, event_handlers=None, executor='parallel', ignore_user_meta=False, install_base='install', log_base=None, log_level=None, main=<bound method BuildVerb.main of <colcon_core.verb.build.BuildVerb object at 0x7fae0767eeb0>>, merge_install=False, metas=['./colcon.meta'], packages_above=None, packages_above_and_dependencies=None, packages_above_depth=None, packages_end=None, packages_ignore=None, packages_ignore_regex=None, packages_select=None, packages_select_build_failed=False, packages_select_by_dep=None, packages_select_regex=None, packages_select_test_failures=False, packages_skip=None, packages_skip_build_finished=False, packages_skip_by_dep=None, packages_skip_regex=None, packages_skip_test_passed=False, packages_skip_up_to=None, packages_start=None, packages_up_to=None, packages_up_to_regex=None, parallel_workers=8, paths=None, symlink_install=False, test_result_base=None, verb_extension=<colcon_core.verb.build.BuildVerb object at 0x7fae0767eeb0>, verb_name='build', verb_parser=<colcon_defaults.argument_parser.defaults.DefaultArgumentsDecorator object at 0x7fae072847f0>)
[1.970s] Level 1:colcon.colcon_core.package_discovery:discover_packages(colcon_meta) check parameters
[1.970s] Level 1:colcon.colcon_core.package_discovery:discover_packages(recursive) check parameters
[1.970s] Level 1:colcon.colcon_core.package_discovery:discover_packages(ignore) check parameters
[1.970s] Level 1:colcon.colcon_core.package_discovery:discover_packages(path) check parameters
[1.970s] Level 1:colcon.colcon_core.package_discovery:discover_packages(colcon_meta) discover
[1.970s] Level 1:colcon.colcon_core.package_discovery:discover_packages(recursive) discover
[1.970s] INFO:colcon.colcon_core.package_discovery:Crawling recursively for packages in '/home/akito/ros2_ws'
[1.970s] Level 1:colcon.colcon_core.package_identification:_identify(.) by extensions ['ignore', 'ignore_ament_install']
[1.970s] Level 1:colcon.colcon_core.package_identification:_identify(.) by extension 'ignore'
[1.970s] Level 1:colcon.colcon_core.package_identification:_identify(.) by extension 'ignore_ament_install'
[1.970s] Level 1:colcon.colcon_core.package_identification:_identify(.) by extensions ['colcon_pkg']
[1.971s] Level 1:colcon.colcon_core.package_identification:_identify(.) by extension 'colcon_pkg'
[1.971s] Level 1:colcon.colcon_core.package_identification:_identify(.) by extensions ['colcon_meta']
[1.971s] Level 1:colcon.colcon_core.package_identification:_identify(.) by extension 'colcon_meta'
[1.971s] Level 1:colcon.colcon_core.package_identification:_identify(.) by extensions ['ros']
[1.971s] Level 1:colcon.colcon_core.package_identification:_identify(.) by extension 'ros'
[1.981s] Level 1:colcon.colcon_core.package_identification:_identify(.) by extensions ['cmake', 'python']
[1.981s] Level 1:colcon.colcon_core.package_identification:_identify(.) by extension 'cmake'
[1.981s] Level 1:colcon.colcon_core.package_identification:_identify(.) by extension 'python'
[1.981s] Level 1:colcon.colcon_core.package_identification:_identify(.) by extensions ['python_setup_py']
[1.981s] Level 1:colcon.colcon_core.package_identification:_identify(.) by extension 'python_setup_py'
[1.981s] Level 1:colcon.colcon_core.package_identification:_identify(build) by extensions ['ignore', 'ignore_ament_install']
[1.981s] Level 1:colcon.colcon_core.package_identification:_identify(build) by extension 'ignore'
[1.981s] Level 1:colcon.colcon_core.package_identification:_identify(build) ignored
[1.981s] Level 1:colcon.colcon_core.package_identification:_identify(install) by extensions ['ignore', 'ignore_ament_install']
[1.981s] Level 1:colcon.colcon_core.package_identification:_identify(install) by extension 'ignore'
[1.982s] Level 1:colcon.colcon_core.package_identification:_identify(install) ignored
[1.982s] Level 1:colcon.colcon_core.package_identification:_identify(log) by extensions ['ignore', 'ignore_ament_install']
[1.982s] Level 1:colcon.colcon_core.package_identification:_identify(log) by extension 'ignore'
[1.982s] Level 1:colcon.colcon_core.package_identification:_identify(log) ignored
[1.982s] Level 1:colcon.colcon_core.package_identification:_identify(src) by extensions ['ignore', 'ignore_ament_install']
[1.982s] Level 1:colcon.colcon_core.package_identification:_identify(src) by extension 'ignore'
[1.982s] Level 1:colcon.colcon_core.package_identification:_identify(src) by extension 'ignore_ament_install'
[1.982s] Level 1:colcon.colcon_core.package_identification:_identify(src) by extensions ['colcon_pkg']
[1.982s] Level 1:colcon.colcon_core.package_identification:_identify(src) by extension 'colcon_pkg'
[1.982s] Level 1:colcon.colcon_core.package_identification:_identify(src) by extensions ['colcon_meta']
[1.982s] Level 1:colcon.colcon_core.package_identification:_identify(src) by extension 'colcon_meta'
[1.982s] Level 1:colcon.colcon_core.package_identification:_identify(src) by extensions ['ros']
[1.982s] Level 1:colcon.colcon_core.package_identification:_identify(src) by extension 'ros'
[1.982s] Level 1:colcon.colcon_core.package_identification:_identify(src) by extensions ['cmake', 'python']
[1.982s] Level 1:colcon.colcon_core.package_identification:_identify(src) by extension 'cmake'
[1.982s] Level 1:colcon.colcon_core.package_identification:_identify(src) by extension 'python'
[1.983s] Level 1:colcon.colcon_core.package_identification:_identify(src) by extensions ['python_setup_py']
[1.983s] Level 1:colcon.colcon_core.package_identification:_identify(src) by extension 'python_setup_py'
[1.983s] Level 1:colcon.colcon_core.package_identification:_identify(src/mypkg) by extensions ['ignore', 'ignore_ament_install']
[1.983s] Level 1:colcon.colcon_core.package_identification:_identify(src/mypkg) by extension 'ignore'
[1.983s] Level 1:colcon.colcon_core.package_identification:_identify(src/mypkg) by extension 'ignore_ament_install'
[1.983s] Level 1:colcon.colcon_core.package_identification:_identify(src/mypkg) by extensions ['colcon_pkg']
[1.983s] Level 1:colcon.colcon_core.package_identification:_identify(src/mypkg) by extension 'colcon_pkg'
[1.983s] Level 1:colcon.colcon_core.package_identification:_identify(src/mypkg) by extensions ['colcon_meta']
[1.983s] Level 1:colcon.colcon_core.package_identification:_identify(src/mypkg) by extension 'colcon_meta'
[1.983s] Level 1:colcon.colcon_core.package_identification:_identify(src/mypkg) by extensions ['ros']
[1.983s] Level 1:colcon.colcon_core.package_identification:_identify(src/mypkg) by extension 'ros'
[1.986s] DEBUG:colcon.colcon_core.package_identification:Package 'src/mypkg' with type 'ros.ament_python' and name 'mypkg'
[1.986s] Level 1:colcon.colcon_core.package_identification:_identify(src/person_msgs) by extensions ['ignore', 'ignore_ament_install']
[1.986s] Level 1:colcon.colcon_core.package_identification:_identify(src/person_msgs) by extension 'ignore'
[1.986s] Level 1:colcon.colcon_core.package_identification:_identify(src/person_msgs) by extension 'ignore_ament_install'
[1.986s] Level 1:colcon.colcon_core.package_identification:_identify(src/person_msgs) by extensions ['colcon_pkg']
[1.986s] Level 1:colcon.colcon_core.package_identification:_identify(src/person_msgs) by extension 'colcon_pkg'
[1.986s] Level 1:colcon.colcon_core.package_identification:_identify(src/person_msgs) by extensions ['colcon_meta']
[1.986s] Level 1:colcon.colcon_core.package_identification:_identify(src/person_msgs) by extension 'colcon_meta'
[1.986s] Level 1:colcon.colcon_core.package_identification:_identify(src/person_msgs) by extensions ['ros']
[1.986s] Level 1:colcon.colcon_core.package_identification:_identify(src/person_msgs) by extension 'ros'
[1.987s] DEBUG:colcon.colcon_core.package_identification:Package 'src/person_msgs' with type 'ros.ament_cmake' and name 'person_msgs'
[1.987s] Level 1:colcon.colcon_core.package_discovery:discover_packages(recursive) using defaults
[1.987s] Level 1:colcon.colcon_core.package_discovery:discover_packages(ignore) discover
[1.987s] Level 1:colcon.colcon_core.package_discovery:discover_packages(ignore) using defaults
[1.987s] Level 1:colcon.colcon_core.package_discovery:discover_packages(path) discover
[1.987s] Level 1:colcon.colcon_core.package_discovery:discover_packages(path) using defaults
[2.157s] Level 1:colcon.colcon_core.package_discovery:discover_packages(prefix_path) check parameters
[2.157s] Level 1:colcon.colcon_core.package_discovery:discover_packages(prefix_path) discover
[2.220s] DEBUG:colcon.colcon_installed_package_information.package_discovery:Found 2 installed packages in /home/akito/ros2_ws/install
[2.251s] DEBUG:colcon.colcon_installed_package_information.package_discovery:Found 256 installed packages in /opt/ros/foxy
[2.252s] Level 1:colcon.colcon_core.package_discovery:discover_packages(prefix_path) using defaults
[2.414s] Level 5:colcon.colcon_core.verb:set package 'mypkg' build argument 'cmake_args' from command line to 'None'
[2.414s] Level 5:colcon.colcon_core.verb:set package 'mypkg' build argument 'cmake_target' from command line to 'None'
[2.414s] Level 5:colcon.colcon_core.verb:set package 'mypkg' build argument 'cmake_target_skip_unavailable' from command line to 'False'
[2.414s] Level 5:colcon.colcon_core.verb:set package 'mypkg' build argument 'cmake_clean_cache' from command line to 'False'
[2.414s] Level 5:colcon.colcon_core.verb:set package 'mypkg' build argument 'cmake_clean_first' from command line to 'False'
[2.414s] Level 5:colcon.colcon_core.verb:set package 'mypkg' build argument 'cmake_force_configure' from command line to 'False'
[2.414s] Level 5:colcon.colcon_core.verb:set package 'mypkg' build argument 'ament_cmake_args' from command line to 'None'
[2.414s] Level 5:colcon.colcon_core.verb:set package 'mypkg' build argument 'catkin_cmake_args' from command line to 'None'
[2.414s] Level 5:colcon.colcon_core.verb:set package 'mypkg' build argument 'catkin_skip_building_tests' from command line to 'False'
[2.414s] DEBUG:colcon.colcon_core.verb:Building package 'mypkg' with the following arguments: {'ament_cmake_args': None, 'build_base': '/home/akito/ros2_ws/build/mypkg', 'catkin_cmake_args': None, 'catkin_skip_building_tests': False, 'cmake_args': None, 'cmake_clean_cache': False, 'cmake_clean_first': False, 'cmake_force_configure': False, 'cmake_target': None, 'cmake_target_skip_unavailable': False, 'install_base': '/home/akito/ros2_ws/install/mypkg', 'merge_install': False, 'path': '/home/akito/ros2_ws/src/mypkg', 'symlink_install': False, 'test_result_base': None}
[2.445s] Level 5:colcon.colcon_core.verb:set package 'person_msgs' build argument 'cmake_args' from command line to 'None'
[2.445s] Level 5:colcon.colcon_core.verb:set package 'person_msgs' build argument 'cmake_target' from command line to 'None'
[2.445s] Level 5:colcon.colcon_core.verb:set package 'person_msgs' build argument 'cmake_target_skip_unavailable' from command line to 'False'
[2.445s] Level 5:colcon.colcon_core.verb:set package 'person_msgs' build argument 'cmake_clean_cache' from command line to 'False'
[2.445s] Level 5:colcon.colcon_core.verb:set package 'person_msgs' build argument 'cmake_clean_first' from command line to 'False'
[2.445s] Level 5:colcon.colcon_core.verb:set package 'person_msgs' build argument 'cmake_force_configure' from command line to 'False'
[2.445s] Level 5:colcon.colcon_core.verb:set package 'person_msgs' build argument 'ament_cmake_args' from command line to 'None'
[2.445s] Level 5:colcon.colcon_core.verb:set package 'person_msgs' build argument 'catkin_cmake_args' from command line to 'None'
[2.445s] Level 5:colcon.colcon_core.verb:set package 'person_msgs' build argument 'catkin_skip_building_tests' from command line to 'False'
[2.445s] DEBUG:colcon.colcon_core.verb:Building package 'person_msgs' with the following arguments: {'ament_cmake_args': None, 'build_base': '/home/akito/ros2_ws/build/person_msgs', 'catkin_cmake_args': None, 'catkin_skip_building_tests': False, 'cmake_args': None, 'cmake_clean_cache': False, 'cmake_clean_first': False, 'cmake_force_configure': False, 'cmake_target': None, 'cmake_target_skip_unavailable': False, 'install_base': '/home/akito/ros2_ws/install/person_msgs', 'merge_install': False, 'path': '/home/akito/ros2_ws/src/person_msgs', 'symlink_install': False, 'test_result_base': None}
[2.476s] INFO:colcon.colcon_core.executor:Executing jobs using 'parallel' executor
[2.510s] DEBUG:colcon.colcon_parallel_executor.executor.parallel:run_until_complete
[2.510s] INFO:colcon.colcon_ros.task.ament_python.build:Building ROS package in '/home/akito/ros2_ws/src/mypkg' with build type 'ament_python'
[2.510s] Level 1:colcon.colcon_core.shell:create_environment_hook('mypkg', 'ament_prefix_path')
[2.544s] INFO:colcon.colcon_core.plugin_system:Skipping extension 'colcon_core.shell.bat': Not used on non-Windows systems
[2.544s] INFO:colcon.colcon_core.shell:Creating environment hook '/home/akito/ros2_ws/install/mypkg/share/mypkg/hook/ament_prefix_path.ps1'
[2.545s] INFO:colcon.colcon_core.shell:Creating environment descriptor '/home/akito/ros2_ws/install/mypkg/share/mypkg/hook/ament_prefix_path.dsv'
[2.546s] INFO:colcon.colcon_core.shell:Creating environment hook '/home/akito/ros2_ws/install/mypkg/share/mypkg/hook/ament_prefix_path.sh'
[2.580s] INFO:colcon.colcon_core.shell:Skip shell extension 'powershell' for command environment: Not usable outside of PowerShell
[2.580s] DEBUG:colcon.colcon_core.shell:Skip shell extension 'dsv' for command environment
[2.704s] INFO:colcon.colcon_ros.task.ament_cmake.build:Building ROS package in '/home/akito/ros2_ws/src/person_msgs' with build type 'ament_cmake'
[2.704s] INFO:colcon.colcon_cmake.task.cmake.build:Building CMake package in '/home/akito/ros2_ws/src/person_msgs'
[2.744s] INFO:colcon.colcon_core.shell:Skip shell extension 'powershell' for command environment: Not usable outside of PowerShell
[2.745s] DEBUG:colcon.colcon_core.shell:Skip shell extension 'dsv' for command environment
[3.039s] INFO:colcon.colcon_core.task.python.build:Building Python package in '/home/akito/ros2_ws/src/mypkg'
[3.076s] INFO:colcon.colcon_core.shell:Skip shell extension 'powershell' for command environment: Not usable outside of PowerShell
[3.076s] DEBUG:colcon.colcon_core.shell:Skip shell extension 'dsv' for command environment
[3.185s] DEBUG:colcon.colcon_core.event_handler.log_command:Invoking command in '/home/akito/ros2_ws/build/person_msgs': CMAKE_PREFIX_PATH=/home/akito/ros2_ws/install/mypkg:/opt/ros/foxy /usr/bin/cmake /home/akito/ros2_ws/src/person_msgs -DCMAKE_INSTALL_PREFIX=/home/akito/ros2_ws/install/person_msgs
[3.645s] DEBUG:colcon.colcon_core.event_handler.log_command:Invoking command in '/home/akito/ros2_ws/src/mypkg': PYTHONPATH=/home/akito/ros2_ws/build/mypkg/prefix_override:/home/akito/ros2_ws/install/mypkg/lib/python3.8/site-packages:${PYTHONPATH} /usr/bin/python3 setup.py egg_info --egg-base ../../build/mypkg build --build-base /home/akito/ros2_ws/build/mypkg/build install --record /home/akito/ros2_ws/build/mypkg/install.log --install-scripts $base/lib/mypkg --single-version-externally-managed
[3.853s] DEBUG:colcon.colcon_core.event_handler.log_command:Invoked command in '/home/akito/ros2_ws/build/person_msgs' returned '1': CMAKE_PREFIX_PATH=/home/akito/ros2_ws/install/mypkg:/opt/ros/foxy /usr/bin/cmake /home/akito/ros2_ws/src/person_msgs -DCMAKE_INSTALL_PREFIX=/home/akito/ros2_ws/install/person_msgs
[3.868s] Level 1:colcon.colcon_core.environment:create_environment_scripts_only(person_msgs)
[3.918s] Level 1:colcon.colcon_core.environment:checking '/home/akito/ros2_ws/install/person_msgs' for CMake module files
[3.918s] Level 1:colcon.colcon_core.environment:checking '/home/akito/ros2_ws/install/person_msgs' for CMake config files
[3.919s] Level 1:colcon.colcon_core.environment:checking '/home/akito/ros2_ws/install/person_msgs/bin'
[3.919s] Level 1:colcon.colcon_core.environment:checking '/home/akito/ros2_ws/install/person_msgs/lib/pkgconfig/person_msgs.pc'
[3.919s] Level 1:colcon.colcon_core.environment:checking '/home/akito/ros2_ws/install/person_msgs/lib/python3.8/site-packages'
[3.920s] Level 1:colcon.colcon_core.environment:checking '/home/akito/ros2_ws/install/person_msgs/bin'
[3.972s] INFO:colcon.colcon_core.shell:Creating package script '/home/akito/ros2_ws/install/person_msgs/share/person_msgs/package.ps1'
[3.974s] INFO:colcon.colcon_core.shell:Creating package descriptor '/home/akito/ros2_ws/install/person_msgs/share/person_msgs/package.dsv'
[3.975s] INFO:colcon.colcon_core.shell:Creating package script '/home/akito/ros2_ws/install/person_msgs/share/person_msgs/package.sh'
[3.976s] INFO:colcon.colcon_core.shell:Creating package script '/home/akito/ros2_ws/install/person_msgs/share/person_msgs/package.bash'
[3.977s] INFO:colcon.colcon_core.shell:Creating package script '/home/akito/ros2_ws/install/person_msgs/share/person_msgs/package.zsh'
[3.978s] Level 1:colcon.colcon_core.environment:create_file_with_runtime_dependencies(/home/akito/ros2_ws/install/person_msgs/share/colcon-core/packages/person_msgs)
[4.002s] DEBUG:colcon.colcon_parallel_executor.executor.parallel:closing loop
[4.003s] DEBUG:colcon.colcon_parallel_executor.executor.parallel:loop closed
[4.003s] DEBUG:colcon.colcon_parallel_executor.executor.parallel:run_until_complete finished with '1'
[4.003s] DEBUG:colcon.colcon_core.event_reactor:joining thread
[4.057s] INFO:colcon.colcon_core.plugin_system:Skipping extension 'colcon_notification.desktop_notification.notify_send': Could not find 'notify-send'
[4.057s] INFO:colcon.colcon_core.plugin_system:Skipping extension 'colcon_notification.desktop_notification.terminal_notifier': Not used on non-Darwin systems
[4.057s] INFO:colcon.colcon_core.plugin_system:Skipping extension 'colcon_notification.desktop_notification.win32': Not used on non-Windows systems
[4.058s] INFO:colcon.colcon_notification.desktop_notification:Sending desktop notification using 'notify2'
[4.062s] DEBUG:colcon.colcon_notification.desktop_notification.notify2:Failed to initialize notify2: org.freedesktop.DBus.Error.ServiceUnknown: The name org.freedesktop.Notifications was not provided by any .service files
[4.062s] DEBUG:colcon.colcon_core.event_reactor:joined thread
[4.095s] INFO:colcon.colcon_core.shell:Creating prefix script '/home/akito/ros2_ws/install/local_setup.ps1'
[4.096s] INFO:colcon.colcon_core.shell:Creating prefix util module '/home/akito/ros2_ws/install/_local_setup_util_ps1.py'
[4.097s] INFO:colcon.colcon_core.shell:Creating prefix chain script '/home/akito/ros2_ws/install/setup.ps1'
[4.131s] INFO:colcon.colcon_core.shell:Creating prefix script '/home/akito/ros2_ws/install/local_setup.sh'
[4.132s] INFO:colcon.colcon_core.shell:Creating prefix util module '/home/akito/ros2_ws/install/_local_setup_util_sh.py'
[4.132s] INFO:colcon.colcon_core.shell:Creating prefix chain script '/home/akito/ros2_ws/install/setup.sh'
[4.167s] INFO:colcon.colcon_core.shell:Creating prefix script '/home/akito/ros2_ws/install/local_setup.bash'
[4.167s] INFO:colcon.colcon_core.shell:Creating prefix chain script '/home/akito/ros2_ws/install/setup.bash'
[4.198s] INFO:colcon.colcon_core.shell:Creating prefix script '/home/akito/ros2_ws/install/local_setup.zsh'
[4.199s] INFO:colcon.colcon_core.shell:Creating prefix chain script '/home/akito/ros2_ws/install/setup.zsh'
