[1.068s] Invoking command in '/home/akito/ros2_ws/src/mypkg': PYTHONPATH=/home/akito/ros2_ws/build/mypkg/prefix_override:/home/akito/ros2_ws/install/mypkg/lib/python3.8/site-packages:${PYTHONPATH} /usr/bin/python3 setup.py egg_info --egg-base ../../build/mypkg build --build-base /home/akito/ros2_ws/build/mypkg/build install --record /home/akito/ros2_ws/build/mypkg/install.log --install-scripts $base/lib/mypkg --single-version-externally-managed
[1.294s] running egg_info
[1.295s] writing ../../build/mypkg/mypkg.egg-info/PKG-INFO
[1.295s] writing dependency_links to ../../build/mypkg/mypkg.egg-info/dependency_links.txt
[1.296s] writing entry points to ../../build/mypkg/mypkg.egg-info/entry_points.txt
[1.296s] writing requirements to ../../build/mypkg/mypkg.egg-info/requires.txt
[1.296s] writing top-level names to ../../build/mypkg/mypkg.egg-info/top_level.txt
[1.335s] reading manifest file '../../build/mypkg/mypkg.egg-info/SOURCES.txt'
[1.336s] writing manifest file '../../build/mypkg/mypkg.egg-info/SOURCES.txt'
[1.337s] running build
[1.338s] running build_py
[1.338s] running install
[1.339s] running install_lib
[1.340s] running install_data
[1.341s] running install_egg_info
[1.345s] removing '/home/akito/ros2_ws/install/mypkg/lib/python3.8/site-packages/mypkg-0.0.0-py3.8.egg-info' (and everything under it)
[1.346s] Copying ../../build/mypkg/mypkg.egg-info to /home/akito/ros2_ws/install/mypkg/lib/python3.8/site-packages/mypkg-0.0.0-py3.8.egg-info
[1.347s] running install_scripts
[1.368s] Installing listener script to /home/akito/ros2_ws/install/mypkg/lib/mypkg
[1.369s] Installing talker script to /home/akito/ros2_ws/install/mypkg/lib/mypkg
[1.369s] writing list of installed files to '/home/akito/ros2_ws/build/mypkg/install.log'
[1.395s] Invoked command in '/home/akito/ros2_ws/src/mypkg' returned '0': PYTHONPATH=/home/akito/ros2_ws/build/mypkg/prefix_override:/home/akito/ros2_ws/install/mypkg/lib/python3.8/site-packages:${PYTHONPATH} /usr/bin/python3 setup.py egg_info --egg-base ../../build/mypkg build --build-base /home/akito/ros2_ws/build/mypkg/build install --record /home/akito/ros2_ws/build/mypkg/install.log --install-scripts $base/lib/mypkg --single-version-externally-managed
