[1.057s] Invoking command in '/home/akito/ros2_ws/src/mypkg': PYTHONPATH=/home/akito/ros2_ws/build/mypkg/prefix_override:/home/akito/ros2_ws/install/mypkg/lib/python3.8/site-packages:${PYTHONPATH} /usr/bin/python3 setup.py egg_info --egg-base ../../build/mypkg build --build-base /home/akito/ros2_ws/build/mypkg/build install --record /home/akito/ros2_ws/build/mypkg/install.log --install-scripts $base/lib/mypkg --single-version-externally-managed
[1.255s] running egg_info
[1.256s] writing ../../build/mypkg/mypkg.egg-info/PKG-INFO
[1.256s] writing dependency_links to ../../build/mypkg/mypkg.egg-info/dependency_links.txt
[1.257s] writing entry points to ../../build/mypkg/mypkg.egg-info/entry_points.txt
[1.257s] writing requirements to ../../build/mypkg/mypkg.egg-info/requires.txt
[1.257s] writing top-level names to ../../build/mypkg/mypkg.egg-info/top_level.txt
[1.288s] reading manifest file '../../build/mypkg/mypkg.egg-info/SOURCES.txt'
[1.289s] writing manifest file '../../build/mypkg/mypkg.egg-info/SOURCES.txt'
[1.290s] running build
[1.290s] running build_py
[1.290s] copying mypkg/listener.py -> /home/akito/ros2_ws/build/mypkg/build/lib/mypkg
[1.291s] running install
[1.291s] running install_lib
[1.292s] copying /home/akito/ros2_ws/build/mypkg/build/lib/mypkg/listener.py -> /home/akito/ros2_ws/install/mypkg/lib/python3.8/site-packages/mypkg
[1.293s] byte-compiling /home/akito/ros2_ws/install/mypkg/lib/python3.8/site-packages/mypkg/listener.py to listener.cpython-38.pyc
[1.295s] Sorry: IndentationError: unexpected indent (listener.py, line 1)
[1.295s] running install_data
[1.295s] running install_egg_info
[1.296s] removing '/home/akito/ros2_ws/install/mypkg/lib/python3.8/site-packages/mypkg-0.0.0-py3.8.egg-info' (and everything under it)
[1.297s] Copying ../../build/mypkg/mypkg.egg-info to /home/akito/ros2_ws/install/mypkg/lib/python3.8/site-packages/mypkg-0.0.0-py3.8.egg-info
[1.298s] running install_scripts
[1.314s] Installing listener script to /home/akito/ros2_ws/install/mypkg/lib/mypkg
[1.314s] Installing talker script to /home/akito/ros2_ws/install/mypkg/lib/mypkg
[1.314s] writing list of installed files to '/home/akito/ros2_ws/build/mypkg/install.log'
[1.333s] Invoked command in '/home/akito/ros2_ws/src/mypkg' returned '0': PYTHONPATH=/home/akito/ros2_ws/build/mypkg/prefix_override:/home/akito/ros2_ws/install/mypkg/lib/python3.8/site-packages:${PYTHONPATH} /usr/bin/python3 setup.py egg_info --egg-base ../../build/mypkg build --build-base /home/akito/ros2_ws/build/mypkg/build install --record /home/akito/ros2_ws/build/mypkg/install.log --install-scripts $base/lib/mypkg --single-version-externally-managed
