[1.087s] Invoking command in '/home/akito/ros2_ws/src/mypkg': PYTHONPATH=/home/akito/ros2_ws/build/mypkg/prefix_override:/home/akito/ros2_ws/install/mypkg/lib/python3.8/site-packages:${PYTHONPATH} /usr/bin/python3 setup.py egg_info --egg-base ../../build/mypkg build --build-base /home/akito/ros2_ws/build/mypkg/build install --record /home/akito/ros2_ws/build/mypkg/install.log --install-scripts $base/lib/mypkg --single-version-externally-managed
[1.331s] running egg_info
[1.331s] writing ../../build/mypkg/mypkg.egg-info/PKG-INFO
[1.331s] writing dependency_links to ../../build/mypkg/mypkg.egg-info/dependency_links.txt
[1.331s] writing entry points to ../../build/mypkg/mypkg.egg-info/entry_points.txt
[1.331s] writing requirements to ../../build/mypkg/mypkg.egg-info/requires.txt
[1.334s] writing top-level names to ../../build/mypkg/mypkg.egg-info/top_level.txt
[1.377s] reading manifest file '../../build/mypkg/mypkg.egg-info/SOURCES.txt'
[1.377s] writing manifest file '../../build/mypkg/mypkg.egg-info/SOURCES.txt'
[1.378s] running build
[1.378s] running build_py
[1.378s] running install
[1.378s] running install_lib
[1.382s] running install_data
[1.382s] running install_egg_info
[1.386s] removing '/home/akito/ros2_ws/install/mypkg/lib/python3.8/site-packages/mypkg-0.0.0-py3.8.egg-info' (and everything under it)
[1.386s] Copying ../../build/mypkg/mypkg.egg-info to /home/akito/ros2_ws/install/mypkg/lib/python3.8/site-packages/mypkg-0.0.0-py3.8.egg-info
[1.386s] running install_scripts
[1.397s] Installing listener script to /home/akito/ros2_ws/install/mypkg/lib/mypkg
[1.397s] Installing talker script to /home/akito/ros2_ws/install/mypkg/lib/mypkg
[1.397s] writing list of installed files to '/home/akito/ros2_ws/build/mypkg/install.log'
